2024-05-16 19:04:14 | INF | Database: table 'users' has been connected!
2024-05-16 19:04:14 | DEB | Using proactor: IocpProactor
2024-05-16 19:04:14 | DEB | Make request: "getMe" with data: "{}" and files "None"
2024-05-16 19:04:15 | DEB | Response for getMe: [200] "'{"ok":true,"result":{"id":6774164184,"is_bot":true,"first_name":"\\u26d4\\ufe0fTEST-BOT-gas_bot\\u26d4\\ufe0f","username":"testik_gas_check_bot","can_join_groups":true,"can_read_all_group_messages":false,"supports_inline_queries":false,"can_connect_to_business":false}}'"
2024-05-16 19:04:15 | INF | Bot: \u26d4\ufe0fTEST-BOT-gas_bot\u26d4\ufe0f [@testik_gas_check_bot]
2024-05-16 19:04:15 | DEB | Make request: "getWebhookInfo" with data: "{}" and files "None"
2024-05-16 19:04:15 | DEB | Response for getWebhookInfo: [200] "'{"ok":true,"result":{"url":"","has_custom_certificate":false,"pending_update_count":0}}'"
2024-05-16 19:04:15 | DEB | Make request: "deleteWebhook" with data: "{'drop_pending_updates': True}" and files "None"
2024-05-16 19:04:15 | DEB | Response for deleteWebhook: [200] "'{"ok":true,"result":true,"description":"Webhook is already deleted"}'"
2024-05-16 19:04:15 | WAR | Updates were skipped successfully.
2024-05-16 19:04:15 | DEB | Make request: "setMyCommands" with data: "{'commands': '[{"command": "/settings", "description": "настройки"}, {"command": "/help", "description": "поддержка"}]'}" and files "None"
2024-05-16 19:04:15 | DEB | Response for setMyCommands: [200] "'{"ok":true,"result":true}'"
2024-05-16 19:04:15 | DEB | GasBooot has been started!
2024-05-16 19:04:15 | INF | Start polling.
2024-05-16 19:04:15 | DEB | Make request: "getWebhookInfo" with data: "{}" and files "None"
2024-05-16 19:04:15 | DEB | Response for getWebhookInfo: [200] "'{"ok":true,"result":{"url":"","has_custom_certificate":false,"pending_update_count":0}}'"
2024-05-16 19:04:15 | DEB | Make request: "getUpdates" with data: "{'timeout': 20}" and files "None"
2024-05-16 19:04:20 | DEB | Response for getUpdates: [200] "'{"ok":true,"result":[{"update_id":694893268,\n"callback_query":{"id":"3729407334007972257","from":{"id":868320310,"is_bot":false,"first_name":"Egor","last_name":"Bakhmutov","username":"wndrflp","language_code":"ru","is_premium":true},"message":{"message_id":846,"from":{"id":6774164184,"is_bot":true,"first_name":"\\u26d4\\ufe0fTEST-BOT-gas_bot\\u26d4\\ufe0f","username":"testik_gas_check_bot"},"chat":{"id":868320310,"first_name":"Egor","last_name":"Bakhmutov","username":"wndrflp","type":"private"},"date":1715873525,"text":"\\u041d\\u0430\\u0441\\u0442\\u0440\\u043e\\u0439\\u0442\\u0435 \\u043f\\u0430\\u0440\\u0430\\u043c\\u0435\\u0442\\u0440\\u044b \\u0431\\u043e\\u0442\\u0430","entities":[{"offset":0,"length":24,"type":"bold"}],"reply_markup":{"inline_keyboard":[[{"text":"\\u0423\\u0441\\u0442\\u0430\\u043d\\u043e\\u0432\\u0438\\u0442\\u044c \\u0438\\u043d\\u0442\\u0435\\u0440\\u0432\\u0430\\u043b","callback_data":"set_interval"},{"text":"\\u0412\\u044b\\u043a\\u043b\\u044e\\u0447\\u0430\\u0442\\u0435\\u043b\\u044c","callback_data":"turn_on_off"}]]}},"chat_instance":"1815754577154058198","data":"turn_on_off"}}]}'"
2024-05-16 19:04:20 | DEB | Received 1 updates.
2024-05-16 19:04:20 | DEB | Make request: "answerCallbackQuery" with data: "{'callback_query_id': '3729407334007972257'}" and files "None"
2024-05-16 19:04:20 | DEB | Make request: "getUpdates" with data: "{'offset': 694893269, 'timeout': 20}" and files "None"
2024-05-16 19:04:20 | DEB | Response for answerCallbackQuery: [200] "'{"ok":true,"result":true}'"
2024-05-16 19:04:20 | ERR | Task exception was never retrieved
future: <Task finished name='Task-10' coro=<Dispatcher._process_polling_updates() done, defined at C:\Users\Егор\OneDrive\Рабочий стол\AT Industries\ORDER00X\gas_bot\.venv\lib\site-packages\aiogram\dispatcher\dispatcher.py:407> exception=TypeError("turn_on_off_func() missing 1 required positional argument: 'callback'")>
Traceback (most recent call last):
  File "C:\Users\Егор\OneDrive\Рабочий стол\AT Industries\ORDER00X\gas_bot\.venv\lib\site-packages\aiogram\dispatcher\dispatcher.py", line 415, in _process_polling_updates
    for responses in itertools.chain.from_iterable(await self.process_updates(updates, fast)):
  File "C:\Users\Егор\OneDrive\Рабочий стол\AT Industries\ORDER00X\gas_bot\.venv\lib\site-packages\aiogram\dispatcher\dispatcher.py", line 235, in process_updates
    return await asyncio.gather(*tasks)
  File "C:\Users\Егор\OneDrive\Рабочий стол\AT Industries\ORDER00X\gas_bot\.venv\lib\site-packages\aiogram\dispatcher\handler.py", line 117, in notify
    response = await handler_obj.handler(*args, **partial_data)
  File "C:\Users\Егор\OneDrive\Рабочий стол\AT Industries\ORDER00X\gas_bot\.venv\lib\site-packages\aiogram\dispatcher\dispatcher.py", line 283, in process_update
    return await self.callback_query_handlers.notify(update.callback_query)
  File "C:\Users\Егор\OneDrive\Рабочий стол\AT Industries\ORDER00X\gas_bot\.venv\lib\site-packages\aiogram\dispatcher\handler.py", line 117, in notify
    response = await handler_obj.handler(*args, **partial_data)
  File "C:\Users\Егор\OneDrive\Рабочий стол\AT Industries\ORDER00X\gas_bot\core\commands\commands.py", line 83, in turn_on_off_callback_func
    await turn_on_off_func()
TypeError: turn_on_off_func() missing 1 required positional argument: 'callback'
2024-05-16 19:04:24 | DEB | Response for getUpdates: [200] "'{"ok":true,"result":[{"update_id":694893269,\n"callback_query":{"id":"3729407337317927408","from":{"id":868320310,"is_bot":false,"first_name":"Egor","last_name":"Bakhmutov","username":"wndrflp","language_code":"ru","is_premium":true},"message":{"message_id":846,"from":{"id":6774164184,"is_bot":true,"first_name":"\\u26d4\\ufe0fTEST-BOT-gas_bot\\u26d4\\ufe0f","username":"testik_gas_check_bot"},"chat":{"id":868320310,"first_name":"Egor","last_name":"Bakhmutov","username":"wndrflp","type":"private"},"date":1715873525,"text":"\\u041d\\u0430\\u0441\\u0442\\u0440\\u043e\\u0439\\u0442\\u0435 \\u043f\\u0430\\u0440\\u0430\\u043c\\u0435\\u0442\\u0440\\u044b \\u0431\\u043e\\u0442\\u0430","entities":[{"offset":0,"length":24,"type":"bold"}],"reply_markup":{"inline_keyboard":[[{"text":"\\u0423\\u0441\\u0442\\u0430\\u043d\\u043e\\u0432\\u0438\\u0442\\u044c \\u0438\\u043d\\u0442\\u0435\\u0440\\u0432\\u0430\\u043b","callback_data":"set_interval"},{"text":"\\u0412\\u044b\\u043a\\u043b\\u044e\\u0447\\u0430\\u0442\\u0435\\u043b\\u044c","callback_data":"turn_on_off"}]]}},"chat_instance":"1815754577154058198","data":"turn_on_off"}}]}'"
2024-05-16 19:04:24 | DEB | Received 1 updates.
2024-05-16 19:04:24 | DEB | Make request: "answerCallbackQuery" with data: "{'callback_query_id': '3729407337317927408'}" and files "None"
2024-05-16 19:04:24 | DEB | Response for answerCallbackQuery: [200] "'{"ok":true,"result":true}'"
2024-05-16 19:04:24 | ERR | Task exception was never retrieved
future: <Task finished name='Task-15' coro=<Dispatcher._process_polling_updates() done, defined at C:\Users\Егор\OneDrive\Рабочий стол\AT Industries\ORDER00X\gas_bot\.venv\lib\site-packages\aiogram\dispatcher\dispatcher.py:407> exception=TypeError("turn_on_off_func() missing 1 required positional argument: 'callback'")>
Traceback (most recent call last):
  File "C:\Users\Егор\OneDrive\Рабочий стол\AT Industries\ORDER00X\gas_bot\.venv\lib\site-packages\aiogram\dispatcher\dispatcher.py", line 415, in _process_polling_updates
    for responses in itertools.chain.from_iterable(await self.process_updates(updates, fast)):
  File "C:\Users\Егор\OneDrive\Рабочий стол\AT Industries\ORDER00X\gas_bot\.venv\lib\site-packages\aiogram\dispatcher\dispatcher.py", line 235, in process_updates
    return await asyncio.gather(*tasks)
  File "C:\Users\Егор\OneDrive\Рабочий стол\AT Industries\ORDER00X\gas_bot\.venv\lib\site-packages\aiogram\dispatcher\handler.py", line 117, in notify
    response = await handler_obj.handler(*args, **partial_data)
  File "C:\Users\Егор\OneDrive\Рабочий стол\AT Industries\ORDER00X\gas_bot\.venv\lib\site-packages\aiogram\dispatcher\dispatcher.py", line 283, in process_update
    return await self.callback_query_handlers.notify(update.callback_query)
  File "C:\Users\Егор\OneDrive\Рабочий стол\AT Industries\ORDER00X\gas_bot\.venv\lib\site-packages\aiogram\dispatcher\handler.py", line 117, in notify
    response = await handler_obj.handler(*args, **partial_data)
  File "C:\Users\Егор\OneDrive\Рабочий стол\AT Industries\ORDER00X\gas_bot\core\commands\commands.py", line 83, in turn_on_off_callback_func
    await turn_on_off_func()
TypeError: turn_on_off_func() missing 1 required positional argument: 'callback'
2024-05-16 19:04:24 | DEB | Make request: "getUpdates" with data: "{'offset': 694893270, 'timeout': 20}" and files "None"
2024-05-16 19:04:44 | DEB | Response for getUpdates: [200] "'{"ok":true,"result":[]}'"
2024-05-16 19:04:44 | DEB | Make request: "getUpdates" with data: "{'offset': 694893270, 'timeout': 20}" and files "None"
2024-05-16 19:05:04 | DEB | Response for getUpdates: [200] "'{"ok":true,"result":[]}'"
2024-05-16 19:05:05 | DEB | Make request: "getUpdates" with data: "{'offset': 694893270, 'timeout': 20}" and files "None"
2024-05-16 19:05:25 | DEB | Response for getUpdates: [200] "'{"ok":true,"result":[]}'"
2024-05-16 19:05:25 | DEB | Make request: "getUpdates" with data: "{'offset': 694893270, 'timeout': 20}" and files "None"
2024-05-16 19:05:45 | DEB | Response for getUpdates: [200] "'{"ok":true,"result":[]}'"
2024-05-16 19:05:45 | DEB | Make request: "getUpdates" with data: "{'offset': 694893270, 'timeout': 20}" and files "None"
2024-05-16 19:05:53 | DEB | Response for getUpdates: [200] "'{"ok":true,"result":[{"update_id":694893270,\n"message":{"message_id":847,"from":{"id":5991077284,"is_bot":false,"first_name":"tim.eth","username":"timeth7799","language_code":"ru"},"chat":{"id":5991077284,"first_name":"tim.eth","username":"timeth7799","type":"private"},"date":1715875554,"text":"/start","entities":[{"offset":0,"length":6,"type":"bot_command"}]}}]}'"
2024-05-16 19:05:53 | DEB | Received 1 updates.
2024-05-16 19:05:53 | DEB | Command: /start | Message: {"message_id": 847, "from": {"id": 5991077284, "is_bot": false, "first_name": "tim.eth", "username": "timeth7799", "language_code": "ru"}, "chat": {"id": 5991077284, "first_name": "tim.eth", "username": "timeth7799", "type": "private"}, "date": 1715886354, "text": "/start", "entities": [{"type": "bot_command", "offset": 0, "length": 6}]} | User: 5991077284
2024-05-16 19:05:53 | INF | User has been added to the DB [id: 5991077284, username: timeth7799]
2024-05-16 19:05:53 | DEB | New user has been registered! | User: 5991077284
2024-05-16 19:05:53 | DEB | Make request: "sendMessage" with data: "{'chat_id': 5991077284, 'text': '*Настройте параметры бота*', 'parse_mode': 'markdown', 'reply_markup': '{"inline_keyboard": [[{"text": "Установить интервал", "callback_data": "set_interval"}, {"text": "Выключатель", "callback_data": "turn_on_off"}]]}'}" and files "None"
2024-05-16 19:05:53 | DEB | Response for sendMessage: [200] "'{"ok":true,"result":{"message_id":848,"from":{"id":6774164184,"is_bot":true,"first_name":"\\u26d4\\ufe0fTEST-BOT-gas_bot\\u26d4\\ufe0f","username":"testik_gas_check_bot"},"chat":{"id":5991077284,"first_name":"tim.eth","username":"timeth7799","type":"private"},"date":1715875554,"text":"\\u041d\\u0430\\u0441\\u0442\\u0440\\u043e\\u0439\\u0442\\u0435 \\u043f\\u0430\\u0440\\u0430\\u043c\\u0435\\u0442\\u0440\\u044b \\u0431\\u043e\\u0442\\u0430","entities":[{"offset":0,"length":24,"type":"bold"}],"reply_markup":{"inline_keyboard":[[{"text":"\\u0423\\u0441\\u0442\\u0430\\u043d\\u043e\\u0432\\u0438\\u0442\\u044c \\u0438\\u043d\\u0442\\u0435\\u0440\\u0432\\u0430\\u043b","callback_data":"set_interval"},{"text":"\\u0412\\u044b\\u043a\\u043b\\u044e\\u0447\\u0430\\u0442\\u0435\\u043b\\u044c","callback_data":"turn_on_off"}]]}}}'"
2024-05-16 19:05:53 | DEB | Make request: "getUpdates" with data: "{'offset': 694893271, 'timeout': 20}" and files "None"
2024-05-16 19:05:58 | DEB | Response for getUpdates: [200] "'{"ok":true,"result":[{"update_id":694893271,\n"callback_query":{"id":"7284736932379651493","from":{"id":5991077284,"is_bot":false,"first_name":"tim.eth","username":"timeth7799","language_code":"ru"},"message":{"message_id":848,"from":{"id":6774164184,"is_bot":true,"first_name":"\\u26d4\\ufe0fTEST-BOT-gas_bot\\u26d4\\ufe0f","username":"testik_gas_check_bot"},"chat":{"id":5991077284,"first_name":"tim.eth","username":"timeth7799","type":"private"},"date":1715875554,"text":"\\u041d\\u0430\\u0441\\u0442\\u0440\\u043e\\u0439\\u0442\\u0435 \\u043f\\u0430\\u0440\\u0430\\u043c\\u0435\\u0442\\u0440\\u044b \\u0431\\u043e\\u0442\\u0430","entities":[{"offset":0,"length":24,"type":"bold"}],"reply_markup":{"inline_keyboard":[[{"text":"\\u0423\\u0441\\u0442\\u0430\\u043d\\u043e\\u0432\\u0438\\u0442\\u044c \\u0438\\u043d\\u0442\\u0435\\u0440\\u0432\\u0430\\u043b","callback_data":"set_interval"},{"text":"\\u0412\\u044b\\u043a\\u043b\\u044e\\u0447\\u0430\\u0442\\u0435\\u043b\\u044c","callback_data":"turn_on_off"}]]}},"chat_instance":"-4836311753812679972","data":"set_interval"}}]}'"
2024-05-16 19:05:58 | DEB | Received 1 updates.
2024-05-16 19:05:58 | DEB | Make request: "answerCallbackQuery" with data: "{'callback_query_id': '7284736932379651493'}" and files "None"
2024-05-16 19:05:58 | DEB | Response for answerCallbackQuery: [200] "'{"ok":true,"result":true}'"
2024-05-16 19:05:58 | DEB | Make request: "editMessageText" with data: "{'text': '*Выберите интервал, с которым Вы будете получать информацию о цене газа в сети:*', 'chat_id': 5991077284, 'message_id': 848, 'parse_mode': 'markdown', 'reply_markup': '{"inline_keyboard": [[{"text": "30 sec", "callback_data": "interval30sec"}, {"text": "1 min", "callback_data": "interval1min"}, {"text": "5 min", "callback_data": "interval5min"}], [{"text": "15 min", "callback_data": "interval15min"}, {"text": "1 h", "callback_data": "interval1h"}, {"text": "4 h", "callback_data": "interval4h"}], [{"text": "12 h", "callback_data": "interval12h"}, {"text": "24 h", "callback_data": "interval24h"}], [{"text": "<< Назад", "callback_data": "back_to_settings"}]]}'}" and files "None"
2024-05-16 19:05:58 | DEB | Make request: "getUpdates" with data: "{'offset': 694893272, 'timeout': 20}" and files "None"
2024-05-16 19:05:58 | DEB | Response for editMessageText: [200] "'{"ok":true,"result":{"message_id":848,"from":{"id":6774164184,"is_bot":true,"first_name":"\\u26d4\\ufe0fTEST-BOT-gas_bot\\u26d4\\ufe0f","username":"testik_gas_check_bot"},"chat":{"id":5991077284,"first_name":"tim.eth","username":"timeth7799","type":"private"},"date":1715875554,"edit_date":1715875558,"text":"\\u0412\\u044b\\u0431\\u0435\\u0440\\u0438\\u0442\\u0435 \\u0438\\u043d\\u0442\\u0435\\u0440\\u0432\\u0430\\u043b, \\u0441 \\u043a\\u043e\\u0442\\u043e\\u0440\\u044b\\u043c \\u0412\\u044b \\u0431\\u0443\\u0434\\u0435\\u0442\\u0435 \\u043f\\u043e\\u043b\\u0443\\u0447\\u0430\\u0442\\u044c \\u0438\\u043d\\u0444\\u043e\\u0440\\u043c\\u0430\\u0446\\u0438\\u044e \\u043e \\u0446\\u0435\\u043d\\u0435 \\u0433\\u0430\\u0437\\u0430 \\u0432 \\u0441\\u0435\\u0442\\u0438:","entities":[{"offset":0,"length":78,"type":"bold"}],"reply_markup":{"inline_keyboard":[[{"text":"30 sec","callback_data":"interval30sec"},{"text":"1 min","callback_data":"interval1min"},{"text":"5 min","callback_data":"interval5min"}],[{"text":"15 min","callback_data":"interval15min"},{"text":"1 h","callback_data":"interval1h"},{"text":"4 h","callback_data":"interval4h"}],[{"text":"12 h","callback_data":"interval12h"},{"text":"24 h","callback_data":"interval24h"}],[{"text":"<< \\u041d\\u0430\\u0437\\u0430\\u0434","callback_data":"back_to_settings"}]]}}}'"
2024-05-16 19:06:01 | DEB | Response for getUpdates: [200] "'{"ok":true,"result":[{"update_id":694893272,\n"callback_query":{"id":"3729407336958592947","from":{"id":868320310,"is_bot":false,"first_name":"Egor","last_name":"Bakhmutov","username":"wndrflp","language_code":"ru","is_premium":true},"message":{"message_id":844,"from":{"id":6774164184,"is_bot":true,"first_name":"\\u26d4\\ufe0fTEST-BOT-gas_bot\\u26d4\\ufe0f","username":"testik_gas_check_bot"},"chat":{"id":868320310,"first_name":"Egor","last_name":"Bakhmutov","username":"wndrflp","type":"private"},"date":1715873435,"edit_date":1715873437,"text":"\\u041d\\u0430\\u0441\\u0442\\u0440\\u043e\\u0439\\u0442\\u0435 \\u043f\\u0430\\u0440\\u0430\\u043c\\u0435\\u0442\\u0440\\u044b \\u0431\\u043e\\u0442\\u0430","entities":[{"offset":0,"length":24,"type":"bold"}],"reply_markup":{"inline_keyboard":[[{"text":"\\u0423\\u0441\\u0442\\u0430\\u043d\\u043e\\u0432\\u0438\\u0442\\u044c \\u0438\\u043d\\u0442\\u0435\\u0440\\u0432\\u0430\\u043b","callback_data":"set_interval"},{"text":"\\u0412\\u044b\\u043a\\u043b\\u044e\\u0447\\u0430\\u0442\\u0435\\u043b\\u044c","callback_data":"turn_on_off"}]]}},"chat_instance":"1815754577154058198","data":"set_interval"}}]}'"
2024-05-16 19:06:01 | DEB | Received 1 updates.
2024-05-16 19:06:01 | DEB | Make request: "answerCallbackQuery" with data: "{'callback_query_id': '3729407336958592947'}" and files "None"
2024-05-16 19:06:01 | DEB | Response for answerCallbackQuery: [200] "'{"ok":true,"result":true}'"
2024-05-16 19:06:01 | DEB | Make request: "editMessageText" with data: "{'text': '*Выберите интервал, с которым Вы будете получать информацию о цене газа в сети:*', 'chat_id': 868320310, 'message_id': 844, 'parse_mode': 'markdown', 'reply_markup': '{"inline_keyboard": [[{"text": "30 sec", "callback_data": "interval30sec"}, {"text": "1 min", "callback_data": "interval1min"}, {"text": "5 min", "callback_data": "interval5min"}], [{"text": "15 min", "callback_data": "interval15min"}, {"text": "1 h", "callback_data": "interval1h"}, {"text": "4 h", "callback_data": "interval4h"}], [{"text": "12 h", "callback_data": "interval12h"}, {"text": "24 h", "callback_data": "interval24h"}], [{"text": "<< Назад", "callback_data": "back_to_settings"}]]}'}" and files "None"
2024-05-16 19:06:01 | DEB | Make request: "getUpdates" with data: "{'offset': 694893273, 'timeout': 20}" and files "None"
2024-05-16 19:06:01 | DEB | Response for editMessageText: [200] "'{"ok":true,"result":{"message_id":844,"from":{"id":6774164184,"is_bot":true,"first_name":"\\u26d4\\ufe0fTEST-BOT-gas_bot\\u26d4\\ufe0f","username":"testik_gas_check_bot"},"chat":{"id":868320310,"first_name":"Egor","last_name":"Bakhmutov","username":"wndrflp","type":"private"},"date":1715873435,"edit_date":1715875562,"text":"\\u0412\\u044b\\u0431\\u0435\\u0440\\u0438\\u0442\\u0435 \\u0438\\u043d\\u0442\\u0435\\u0440\\u0432\\u0430\\u043b, \\u0441 \\u043a\\u043e\\u0442\\u043e\\u0440\\u044b\\u043c \\u0412\\u044b \\u0431\\u0443\\u0434\\u0435\\u0442\\u0435 \\u043f\\u043e\\u043b\\u0443\\u0447\\u0430\\u0442\\u044c \\u0438\\u043d\\u0444\\u043e\\u0440\\u043c\\u0430\\u0446\\u0438\\u044e \\u043e \\u0446\\u0435\\u043d\\u0435 \\u0433\\u0430\\u0437\\u0430 \\u0432 \\u0441\\u0435\\u0442\\u0438:","entities":[{"offset":0,"length":78,"type":"bold"}],"reply_markup":{"inline_keyboard":[[{"text":"30 sec","callback_data":"interval30sec"},{"text":"1 min","callback_data":"interval1min"},{"text":"5 min","callback_data":"interval5min"}],[{"text":"15 min","callback_data":"interval15min"},{"text":"1 h","callback_data":"interval1h"},{"text":"4 h","callback_data":"interval4h"}],[{"text":"12 h","callback_data":"interval12h"},{"text":"24 h","callback_data":"interval24h"}],[{"text":"<< \\u041d\\u0430\\u0437\\u0430\\u0434","callback_data":"back_to_settings"}]]}}}'"
2024-05-16 19:06:01 | DEB | Response for getUpdates: [200] "'{"ok":true,"result":[{"update_id":694893273,\n"callback_query":{"id":"7284736932483944385","from":{"id":5991077284,"is_bot":false,"first_name":"tim.eth","username":"timeth7799","language_code":"ru"},"message":{"message_id":848,"from":{"id":6774164184,"is_bot":true,"first_name":"\\u26d4\\ufe0fTEST-BOT-gas_bot\\u26d4\\ufe0f","username":"testik_gas_check_bot"},"chat":{"id":5991077284,"first_name":"tim.eth","username":"timeth7799","type":"private"},"date":1715875554,"edit_date":1715875558,"text":"\\u0412\\u044b\\u0431\\u0435\\u0440\\u0438\\u0442\\u0435 \\u0438\\u043d\\u0442\\u0435\\u0440\\u0432\\u0430\\u043b, \\u0441 \\u043a\\u043e\\u0442\\u043e\\u0440\\u044b\\u043c \\u0412\\u044b \\u0431\\u0443\\u0434\\u0435\\u0442\\u0435 \\u043f\\u043e\\u043b\\u0443\\u0447\\u0430\\u0442\\u044c \\u0438\\u043d\\u0444\\u043e\\u0440\\u043c\\u0430\\u0446\\u0438\\u044e \\u043e \\u0446\\u0435\\u043d\\u0435 \\u0433\\u0430\\u0437\\u0430 \\u0432 \\u0441\\u0435\\u0442\\u0438:","entities":[{"offset":0,"length":78,"type":"bold"}],"reply_markup":{"inline_keyboard":[[{"text":"30 sec","callback_data":"interval30sec"},{"text":"1 min","callback_data":"interval1min"},{"text":"5 min","callback_data":"interval5min"}],[{"text":"15 min","callback_data":"interval15min"},{"text":"1 h","callback_data":"interval1h"},{"text":"4 h","callback_data":"interval4h"}],[{"text":"12 h","callback_data":"interval12h"},{"text":"24 h","callback_data":"interval24h"}],[{"text":"<< \\u041d\\u0430\\u0437\\u0430\\u0434","callback_data":"back_to_settings"}]]}},"chat_instance":"-4836311753812679972","data":"back_to_settings"}}]}'"
2024-05-16 19:06:01 | DEB | Received 1 updates.
2024-05-16 19:06:01 | DEB | Make request: "editMessageText" with data: "{'text': '*Настройте параметры бота*', 'chat_id': 5991077284, 'message_id': 848, 'parse_mode': 'markdown', 'reply_markup': '{"inline_keyboard": [[{"text": "Установить интервал", "callback_data": "set_interval"}, {"text": "Выключатель", "callback_data": "turn_on_off"}]]}'}" and files "None"
2024-05-16 19:06:02 | DEB | Response for editMessageText: [200] "'{"ok":true,"result":{"message_id":848,"from":{"id":6774164184,"is_bot":true,"first_name":"\\u26d4\\ufe0fTEST-BOT-gas_bot\\u26d4\\ufe0f","username":"testik_gas_check_bot"},"chat":{"id":5991077284,"first_name":"tim.eth","username":"timeth7799","type":"private"},"date":1715875554,"edit_date":1715875562,"text":"\\u041d\\u0430\\u0441\\u0442\\u0440\\u043e\\u0439\\u0442\\u0435 \\u043f\\u0430\\u0440\\u0430\\u043c\\u0435\\u0442\\u0440\\u044b \\u0431\\u043e\\u0442\\u0430","entities":[{"offset":0,"length":24,"type":"bold"}],"reply_markup":{"inline_keyboard":[[{"text":"\\u0423\\u0441\\u0442\\u0430\\u043d\\u043e\\u0432\\u0438\\u0442\\u044c \\u0438\\u043d\\u0442\\u0435\\u0440\\u0432\\u0430\\u043b","callback_data":"set_interval"},{"text":"\\u0412\\u044b\\u043a\\u043b\\u044e\\u0447\\u0430\\u0442\\u0435\\u043b\\u044c","callback_data":"turn_on_off"}]]}}}'"
2024-05-16 19:06:02 | DEB | Make request: "getUpdates" with data: "{'offset': 694893274, 'timeout': 20}" and files "None"
2024-05-16 19:06:02 | DEB | Response for getUpdates: [200] "'{"ok":true,"result":[{"update_id":694893274,\n"callback_query":{"id":"7284736929626277184","from":{"id":5991077284,"is_bot":false,"first_name":"tim.eth","username":"timeth7799","language_code":"ru"},"message":{"message_id":848,"from":{"id":6774164184,"is_bot":true,"first_name":"\\u26d4\\ufe0fTEST-BOT-gas_bot\\u26d4\\ufe0f","username":"testik_gas_check_bot"},"chat":{"id":5991077284,"first_name":"tim.eth","username":"timeth7799","type":"private"},"date":1715875554,"edit_date":1715875562,"text":"\\u041d\\u0430\\u0441\\u0442\\u0440\\u043e\\u0439\\u0442\\u0435 \\u043f\\u0430\\u0440\\u0430\\u043c\\u0435\\u0442\\u0440\\u044b \\u0431\\u043e\\u0442\\u0430","entities":[{"offset":0,"length":24,"type":"bold"}],"reply_markup":{"inline_keyboard":[[{"text":"\\u0423\\u0441\\u0442\\u0430\\u043d\\u043e\\u0432\\u0438\\u0442\\u044c \\u0438\\u043d\\u0442\\u0435\\u0440\\u0432\\u0430\\u043b","callback_data":"set_interval"},{"text":"\\u0412\\u044b\\u043a\\u043b\\u044e\\u0447\\u0430\\u0442\\u0435\\u043b\\u044c","callback_data":"turn_on_off"}]]}},"chat_instance":"-4836311753812679972","data":"set_interval"}}]}'"
2024-05-16 19:06:02 | DEB | Received 1 updates.
2024-05-16 19:06:02 | DEB | Make request: "answerCallbackQuery" with data: "{'callback_query_id': '7284736929626277184'}" and files "None"
2024-05-16 19:06:02 | DEB | Response for answerCallbackQuery: [200] "'{"ok":true,"result":true}'"
2024-05-16 19:06:02 | DEB | Make request: "editMessageText" with data: "{'text': '*Выберите интервал, с которым Вы будете получать информацию о цене газа в сети:*', 'chat_id': 5991077284, 'message_id': 848, 'parse_mode': 'markdown', 'reply_markup': '{"inline_keyboard": [[{"text": "30 sec", "callback_data": "interval30sec"}, {"text": "1 min", "callback_data": "interval1min"}, {"text": "5 min", "callback_data": "interval5min"}], [{"text": "15 min", "callback_data": "interval15min"}, {"text": "1 h", "callback_data": "interval1h"}, {"text": "4 h", "callback_data": "interval4h"}], [{"text": "12 h", "callback_data": "interval12h"}, {"text": "24 h", "callback_data": "interval24h"}], [{"text": "<< Назад", "callback_data": "back_to_settings"}]]}'}" and files "None"
2024-05-16 19:06:02 | DEB | Make request: "getUpdates" with data: "{'offset': 694893275, 'timeout': 20}" and files "None"
2024-05-16 19:06:02 | DEB | Response for editMessageText: [200] "'{"ok":true,"result":{"message_id":848,"from":{"id":6774164184,"is_bot":true,"first_name":"\\u26d4\\ufe0fTEST-BOT-gas_bot\\u26d4\\ufe0f","username":"testik_gas_check_bot"},"chat":{"id":5991077284,"first_name":"tim.eth","username":"timeth7799","type":"private"},"date":1715875554,"edit_date":1715875563,"text":"\\u0412\\u044b\\u0431\\u0435\\u0440\\u0438\\u0442\\u0435 \\u0438\\u043d\\u0442\\u0435\\u0440\\u0432\\u0430\\u043b, \\u0441 \\u043a\\u043e\\u0442\\u043e\\u0440\\u044b\\u043c \\u0412\\u044b \\u0431\\u0443\\u0434\\u0435\\u0442\\u0435 \\u043f\\u043e\\u043b\\u0443\\u0447\\u0430\\u0442\\u044c \\u0438\\u043d\\u0444\\u043e\\u0440\\u043c\\u0430\\u0446\\u0438\\u044e \\u043e \\u0446\\u0435\\u043d\\u0435 \\u0433\\u0430\\u0437\\u0430 \\u0432 \\u0441\\u0435\\u0442\\u0438:","entities":[{"offset":0,"length":78,"type":"bold"}],"reply_markup":{"inline_keyboard":[[{"text":"30 sec","callback_data":"interval30sec"},{"text":"1 min","callback_data":"interval1min"},{"text":"5 min","callback_data":"interval5min"}],[{"text":"15 min","callback_data":"interval15min"},{"text":"1 h","callback_data":"interval1h"},{"text":"4 h","callback_data":"interval4h"}],[{"text":"12 h","callback_data":"interval12h"},{"text":"24 h","callback_data":"interval24h"}],[{"text":"<< \\u041d\\u0430\\u0437\\u0430\\u0434","callback_data":"back_to_settings"}]]}}}'"
2024-05-16 19:06:03 | DEB | Response for getUpdates: [200] "'{"ok":true,"result":[{"update_id":694893275,\n"callback_query":{"id":"3729407337935458746","from":{"id":868320310,"is_bot":false,"first_name":"Egor","last_name":"Bakhmutov","username":"wndrflp","language_code":"ru","is_premium":true},"message":{"message_id":844,"from":{"id":6774164184,"is_bot":true,"first_name":"\\u26d4\\ufe0fTEST-BOT-gas_bot\\u26d4\\ufe0f","username":"testik_gas_check_bot"},"chat":{"id":868320310,"first_name":"Egor","last_name":"Bakhmutov","username":"wndrflp","type":"private"},"date":1715873435,"edit_date":1715875562,"text":"\\u0412\\u044b\\u0431\\u0435\\u0440\\u0438\\u0442\\u0435 \\u0438\\u043d\\u0442\\u0435\\u0440\\u0432\\u0430\\u043b, \\u0441 \\u043a\\u043e\\u0442\\u043e\\u0440\\u044b\\u043c \\u0412\\u044b \\u0431\\u0443\\u0434\\u0435\\u0442\\u0435 \\u043f\\u043e\\u043b\\u0443\\u0447\\u0430\\u0442\\u044c \\u0438\\u043d\\u0444\\u043e\\u0440\\u043c\\u0430\\u0446\\u0438\\u044e \\u043e \\u0446\\u0435\\u043d\\u0435 \\u0433\\u0430\\u0437\\u0430 \\u0432 \\u0441\\u0435\\u0442\\u0438:","entities":[{"offset":0,"length":78,"type":"bold"}],"reply_markup":{"inline_keyboard":[[{"text":"30 sec","callback_data":"interval30sec"},{"text":"1 min","callback_data":"interval1min"},{"text":"5 min","callback_data":"interval5min"}],[{"text":"15 min","callback_data":"interval15min"},{"text":"1 h","callback_data":"interval1h"},{"text":"4 h","callback_data":"interval4h"}],[{"text":"12 h","callback_data":"interval12h"},{"text":"24 h","callback_data":"interval24h"}],[{"text":"<< \\u041d\\u0430\\u0437\\u0430\\u0434","callback_data":"back_to_settings"}]]}},"chat_instance":"1815754577154058198","data":"back_to_settings"}}]}'"
2024-05-16 19:06:03 | DEB | Received 1 updates.
2024-05-16 19:06:03 | DEB | Make request: "editMessageText" with data: "{'text': '*Настройте параметры бота*', 'chat_id': 868320310, 'message_id': 844, 'parse_mode': 'markdown', 'reply_markup': '{"inline_keyboard": [[{"text": "Установить интервал", "callback_data": "set_interval"}, {"text": "Выключатель", "callback_data": "turn_on_off"}]]}'}" and files "None"
2024-05-16 19:06:03 | DEB | Response for editMessageText: [200] "'{"ok":true,"result":{"message_id":844,"from":{"id":6774164184,"is_bot":true,"first_name":"\\u26d4\\ufe0fTEST-BOT-gas_bot\\u26d4\\ufe0f","username":"testik_gas_check_bot"},"chat":{"id":868320310,"first_name":"Egor","last_name":"Bakhmutov","username":"wndrflp","type":"private"},"date":1715873435,"edit_date":1715875564,"text":"\\u041d\\u0430\\u0441\\u0442\\u0440\\u043e\\u0439\\u0442\\u0435 \\u043f\\u0430\\u0440\\u0430\\u043c\\u0435\\u0442\\u0440\\u044b \\u0431\\u043e\\u0442\\u0430","entities":[{"offset":0,"length":24,"type":"bold"}],"reply_markup":{"inline_keyboard":[[{"text":"\\u0423\\u0441\\u0442\\u0430\\u043d\\u043e\\u0432\\u0438\\u0442\\u044c \\u0438\\u043d\\u0442\\u0435\\u0440\\u0432\\u0430\\u043b","callback_data":"set_interval"},{"text":"\\u0412\\u044b\\u043a\\u043b\\u044e\\u0447\\u0430\\u0442\\u0435\\u043b\\u044c","callback_data":"turn_on_off"}]]}}}'"
2024-05-16 19:06:03 | DEB | Make request: "getUpdates" with data: "{'offset': 694893276, 'timeout': 20}" and files "None"
2024-05-16 19:06:09 | DEB | Response for getUpdates: [200] "'{"ok":true,"result":[{"update_id":694893276,\n"callback_query":{"id":"7284736930399960975","from":{"id":5991077284,"is_bot":false,"first_name":"tim.eth","username":"timeth7799","language_code":"ru"},"message":{"message_id":848,"from":{"id":6774164184,"is_bot":true,"first_name":"\\u26d4\\ufe0fTEST-BOT-gas_bot\\u26d4\\ufe0f","username":"testik_gas_check_bot"},"chat":{"id":5991077284,"first_name":"tim.eth","username":"timeth7799","type":"private"},"date":1715875554,"edit_date":1715875563,"text":"\\u0412\\u044b\\u0431\\u0435\\u0440\\u0438\\u0442\\u0435 \\u0438\\u043d\\u0442\\u0435\\u0440\\u0432\\u0430\\u043b, \\u0441 \\u043a\\u043e\\u0442\\u043e\\u0440\\u044b\\u043c \\u0412\\u044b \\u0431\\u0443\\u0434\\u0435\\u0442\\u0435 \\u043f\\u043e\\u043b\\u0443\\u0447\\u0430\\u0442\\u044c \\u0438\\u043d\\u0444\\u043e\\u0440\\u043c\\u0430\\u0446\\u0438\\u044e \\u043e \\u0446\\u0435\\u043d\\u0435 \\u0433\\u0430\\u0437\\u0430 \\u0432 \\u0441\\u0435\\u0442\\u0438:","entities":[{"offset":0,"length":78,"type":"bold"}],"reply_markup":{"inline_keyboard":[[{"text":"30 sec","callback_data":"interval30sec"},{"text":"1 min","callback_data":"interval1min"},{"text":"5 min","callback_data":"interval5min"}],[{"text":"15 min","callback_data":"interval15min"},{"text":"1 h","callback_data":"interval1h"},{"text":"4 h","callback_data":"interval4h"}],[{"text":"12 h","callback_data":"interval12h"},{"text":"24 h","callback_data":"interval24h"}],[{"text":"<< \\u041d\\u0430\\u0437\\u0430\\u0434","callback_data":"back_to_settings"}]]}},"chat_instance":"-4836311753812679972","data":"interval30sec"}}]}'"
2024-05-16 19:06:09 | DEB | Received 1 updates.
2024-05-16 19:06:09 | DEB | Make request: "getUpdates" with data: "{'offset': 694893277, 'timeout': 20}" and files "None"
2024-05-16 19:06:13 | DEB | Response for getUpdates: [200] "'{"ok":true,"result":[{"update_id":694893277,\n"callback_query":{"id":"7284736932699834464","from":{"id":5991077284,"is_bot":false,"first_name":"tim.eth","username":"timeth7799","language_code":"ru"},"message":{"message_id":848,"from":{"id":6774164184,"is_bot":true,"first_name":"\\u26d4\\ufe0fTEST-BOT-gas_bot\\u26d4\\ufe0f","username":"testik_gas_check_bot"},"chat":{"id":5991077284,"first_name":"tim.eth","username":"timeth7799","type":"private"},"date":1715875554,"edit_date":1715875563,"text":"\\u0412\\u044b\\u0431\\u0435\\u0440\\u0438\\u0442\\u0435 \\u0438\\u043d\\u0442\\u0435\\u0440\\u0432\\u0430\\u043b, \\u0441 \\u043a\\u043e\\u0442\\u043e\\u0440\\u044b\\u043c \\u0412\\u044b \\u0431\\u0443\\u0434\\u0435\\u0442\\u0435 \\u043f\\u043e\\u043b\\u0443\\u0447\\u0430\\u0442\\u044c \\u0438\\u043d\\u0444\\u043e\\u0440\\u043c\\u0430\\u0446\\u0438\\u044e \\u043e \\u0446\\u0435\\u043d\\u0435 \\u0433\\u0430\\u0437\\u0430 \\u0432 \\u0441\\u0435\\u0442\\u0438:","entities":[{"offset":0,"length":78,"type":"bold"}],"reply_markup":{"inline_keyboard":[[{"text":"30 sec","callback_data":"interval30sec"},{"text":"1 min","callback_data":"interval1min"},{"text":"5 min","callback_data":"interval5min"}],[{"text":"15 min","callback_data":"interval15min"},{"text":"1 h","callback_data":"interval1h"},{"text":"4 h","callback_data":"interval4h"}],[{"text":"12 h","callback_data":"interval12h"},{"text":"24 h","callback_data":"interval24h"}],[{"text":"<< \\u041d\\u0430\\u0437\\u0430\\u0434","callback_data":"back_to_settings"}]]}},"chat_instance":"-4836311753812679972","data":"back_to_settings"}}]}'"
2024-05-16 19:06:13 | DEB | Received 1 updates.
2024-05-16 19:06:13 | DEB | Make request: "editMessageText" with data: "{'text': '*Настройте параметры бота*', 'chat_id': 5991077284, 'message_id': 848, 'parse_mode': 'markdown', 'reply_markup': '{"inline_keyboard": [[{"text": "Установить интервал", "callback_data": "set_interval"}, {"text": "Выключатель", "callback_data": "turn_on_off"}]]}'}" and files "None"
2024-05-16 19:06:13 | DEB | Response for editMessageText: [200] "'{"ok":true,"result":{"message_id":848,"from":{"id":6774164184,"is_bot":true,"first_name":"\\u26d4\\ufe0fTEST-BOT-gas_bot\\u26d4\\ufe0f","username":"testik_gas_check_bot"},"chat":{"id":5991077284,"first_name":"tim.eth","username":"timeth7799","type":"private"},"date":1715875554,"edit_date":1715875573,"text":"\\u041d\\u0430\\u0441\\u0442\\u0440\\u043e\\u0439\\u0442\\u0435 \\u043f\\u0430\\u0440\\u0430\\u043c\\u0435\\u0442\\u0440\\u044b \\u0431\\u043e\\u0442\\u0430","entities":[{"offset":0,"length":24,"type":"bold"}],"reply_markup":{"inline_keyboard":[[{"text":"\\u0423\\u0441\\u0442\\u0430\\u043d\\u043e\\u0432\\u0438\\u0442\\u044c \\u0438\\u043d\\u0442\\u0435\\u0440\\u0432\\u0430\\u043b","callback_data":"set_interval"},{"text":"\\u0412\\u044b\\u043a\\u043b\\u044e\\u0447\\u0430\\u0442\\u0435\\u043b\\u044c","callback_data":"turn_on_off"}]]}}}'"
2024-05-16 19:06:13 | DEB | Make request: "getUpdates" with data: "{'offset': 694893278, 'timeout': 20}" and files "None"
2024-05-16 19:06:25 | DEB | Response for getUpdates: [200] "'{"ok":true,"result":[{"update_id":694893278,\n"message":{"message_id":849,"from":{"id":5991077284,"is_bot":false,"first_name":"tim.eth","username":"timeth7799","language_code":"ru"},"chat":{"id":5991077284,"first_name":"tim.eth","username":"timeth7799","type":"private"},"date":1715875586,"text":"/settings","entities":[{"offset":0,"length":9,"type":"bot_command"}]}}]}'"
2024-05-16 19:06:25 | DEB | Received 1 updates.
2024-05-16 19:06:25 | DEB | Make request: "sendMessage" with data: "{'chat_id': 5991077284, 'text': '*Настройте параметры бота*', 'parse_mode': 'markdown', 'reply_markup': '{"inline_keyboard": [[{"text": "Установить интервал", "callback_data": "set_interval"}, {"text": "Выключатель", "callback_data": "turn_on_off"}]]}'}" and files "None"
2024-05-16 19:06:25 | DEB | Response for sendMessage: [200] "'{"ok":true,"result":{"message_id":850,"from":{"id":6774164184,"is_bot":true,"first_name":"\\u26d4\\ufe0fTEST-BOT-gas_bot\\u26d4\\ufe0f","username":"testik_gas_check_bot"},"chat":{"id":5991077284,"first_name":"tim.eth","username":"timeth7799","type":"private"},"date":1715875586,"text":"\\u041d\\u0430\\u0441\\u0442\\u0440\\u043e\\u0439\\u0442\\u0435 \\u043f\\u0430\\u0440\\u0430\\u043c\\u0435\\u0442\\u0440\\u044b \\u0431\\u043e\\u0442\\u0430","entities":[{"offset":0,"length":24,"type":"bold"}],"reply_markup":{"inline_keyboard":[[{"text":"\\u0423\\u0441\\u0442\\u0430\\u043d\\u043e\\u0432\\u0438\\u0442\\u044c \\u0438\\u043d\\u0442\\u0435\\u0440\\u0432\\u0430\\u043b","callback_data":"set_interval"},{"text":"\\u0412\\u044b\\u043a\\u043b\\u044e\\u0447\\u0430\\u0442\\u0435\\u043b\\u044c","callback_data":"turn_on_off"}]]}}}'"
2024-05-16 19:06:25 | DEB | Make request: "getUpdates" with data: "{'offset': 694893279, 'timeout': 20}" and files "None"
2024-05-16 19:06:27 | DEB | Response for getUpdates: [200] "'{"ok":true,"result":[{"update_id":694893279,\n"message":{"message_id":851,"from":{"id":5991077284,"is_bot":false,"first_name":"tim.eth","username":"timeth7799","language_code":"ru"},"chat":{"id":5991077284,"first_name":"tim.eth","username":"timeth7799","type":"private"},"date":1715875587,"text":"/help","entities":[{"offset":0,"length":5,"type":"bot_command"}]}}]}'"
2024-05-16 19:06:27 | DEB | Received 1 updates.
2024-05-16 19:06:27 | DEB | Make request: "getUpdates" with data: "{'offset': 694893280, 'timeout': 20}" and files "None"
2024-05-16 19:06:47 | DEB | Response for getUpdates: [200] "'{"ok":true,"result":[]}'"
2024-05-16 19:06:47 | DEB | Make request: "getUpdates" with data: "{'offset': 694893280, 'timeout': 20}" and files "None"
2024-05-16 19:07:07 | DEB | Response for getUpdates: [200] "'{"ok":true,"result":[]}'"
2024-05-16 19:07:07 | DEB | Make request: "getUpdates" with data: "{'offset': 694893280, 'timeout': 20}" and files "None"
2024-05-16 19:07:27 | DEB | Response for getUpdates: [200] "'{"ok":true,"result":[]}'"
2024-05-16 19:07:27 | DEB | Make request: "getUpdates" with data: "{'offset': 694893280, 'timeout': 20}" and files "None"
2024-05-16 19:07:47 | DEB | Response for getUpdates: [200] "'{"ok":true,"result":[]}'"
2024-05-16 19:07:47 | DEB | Make request: "getUpdates" with data: "{'offset': 694893280, 'timeout': 20}" and files "None"
2024-05-16 19:08:08 | DEB | Response for getUpdates: [200] "'{"ok":true,"result":[]}'"
2024-05-16 19:08:08 | DEB | Make request: "getUpdates" with data: "{'offset': 694893280, 'timeout': 20}" and files "None"
2024-05-16 19:08:28 | DEB | Response for getUpdates: [200] "'{"ok":true,"result":[]}'"
2024-05-16 19:08:28 | DEB | Make request: "getUpdates" with data: "{'offset': 694893280, 'timeout': 20}" and files "None"
