2024-06-06 18:40:27 | INF | Database: table 'users' has been connected!
2024-06-06 18:40:27 | INF | Database: table 'channels' has been connected!
2024-06-06 18:40:28 | DEB | Consider installing rusty-rlp to improve pyrlp performance with a rust basedbackend. Not currently functional for Python 3.11
2024-06-06 18:40:28 | DEB | Using proactor: IocpProactor
2024-06-06 18:40:28 | DEB | Starting new HTTPS connection (1): api.coingecko.com:443
2024-06-06 18:40:29 | DEB | https://api.coingecko.com:443 "GET /api/v3/global HTTP/1.1" 200 None
2024-06-06 18:40:29 | DEB | Making request. Method: eth_gasPrice
2024-06-06 18:40:29 | DEB | Making request HTTP. URI: https://rpc.ankr.com/eth, Method: eth_gasPrice
2024-06-06 18:40:29 | DEB | Session cached: https://rpc.ankr.com/eth, <requests.sessions.Session object at 0x000002B21B95DA80>
2024-06-06 18:40:29 | DEB | Starting new HTTPS connection (1): rpc.ankr.com:443
2024-06-06 18:40:29 | DEB | https://rpc.ankr.com:443 "POST /eth HTTP/1.1" 200 47
2024-06-06 18:40:29 | DEB | Getting response HTTP. URI: https://rpc.ankr.com/eth, Method: eth_gasPrice, Response: {'jsonrpc': '2.0', 'id': 0, 'result': '0x4a9030085'}
2024-06-06 18:40:29 | DEB | Starting new HTTPS connection (1): api.bybit.com:443
2024-06-06 18:40:29 | DEB | https://api.bybit.com:443 "GET /v2/public/tickers?symbol=BTCUSDT HTTP/1.1" 200 750
2024-06-06 18:40:29 | DEB | Starting new HTTPS connection (1): api.bybit.com:443
2024-06-06 18:40:30 | DEB | https://api.bybit.com:443 "GET /v2/public/tickers?symbol=ETHUSDT HTTP/1.1" 200 746
2024-06-06 18:40:30 | DEB | Starting new HTTPS connection (1): api.bybit.com:443
2024-06-06 18:40:30 | DEB | https://api.bybit.com:443 "GET /v2/public/tickers?symbol=BNBUSDT HTTP/1.1" 200 734
2024-06-06 18:40:30 | DEB | Starting new HTTPS connection (1): api.bybit.com:443
2024-06-06 18:40:31 | DEB | https://api.bybit.com:443 "GET /v2/public/tickers?symbol=SOLUSDT HTTP/1.1" 200 758
2024-06-06 18:40:31 | DEB | Starting new HTTPS connection (1): api.bybit.com:443
2024-06-06 18:40:31 | DEB | https://api.bybit.com:443 "GET /v2/public/tickers?symbol=TONUSDT HTTP/1.1" 200 749
2024-06-06 18:40:31 | DEB | Make request: "getChatMember" with data: "{'chat_id': '@testik_for', 'user_id': '868320310'}" and files "None"
2024-06-06 18:40:31 | DEB | Response for getChatMember: [200] "'{"ok":true,"result":{"user":{"id":868320310,"is_bot":false,"first_name":"Egor","last_name":"Bakhmutov","username":"wndrflp","language_code":"ru","is_premium":true},"status":"creator","is_anonymous":false}}'"
2024-06-06 18:40:31 | DEB | Make request: "getChatMember" with data: "{'chat_id': '@testik_for', 'user_id': '1647300494'}" and files "None"
2024-06-06 18:40:31 | DEB | Make request: "sendMessage" with data: "{'chat_id': '868320310', 'text': '*\U0001f7e7 ETH: 20.02 GWEI*\n\n*BTC:* $71529.3\n*ETH:* $3845.0\n*BNB:* $710.0\n*SOL:* $173.5\n*TON:* $7.35\n\n*Market Cap:* 2.795 trln $\n*Volume for 24 h:* 78.655 mlrd $\n*Dominance:* BTC 50.41% ETH 16.52%', 'parse_mode': 'markdown'}" and files "None"
2024-06-06 18:40:31 | DEB | Response for getChatMember: [200] "'{"ok":true,"result":{"user":{"id":1647300494,"is_bot":false,"first_name":"Tokito","last_name":"Crypto","username":"tokito_crypto","language_code":"ru","is_premium":true},"status":"left"}}'"
2024-06-06 18:40:31 | DEB | Make request: "getChatMember" with data: "{'chat_id': '@testik_for', 'user_id': '5205226194'}" and files "None"
2024-06-06 18:40:31 | DEB | Make request: "sendMessage" with data: "{'chat_id': '1647300494', 'text': '*\U0001f7e7 ETH: 20.02 GWEI*\n\n*BTC:* $71529.3\n*ETH:* $3845.0\n*BNB:* $710.0\n*SOL:* $173.5\n*TON:* $7.35\n\n*Капитализация:* 2.795 трлн $\n*Объем за 24 ч:* 78.655 млрд $\n*Доминирование:* BTC 50.41% ETH 16.52%', 'parse_mode': 'markdown'}" and files "None"
2024-06-06 18:40:32 | DEB | Response for getChatMember: [200] "'{"ok":true,"result":{"user":{"id":5205226194,"is_bot":false,"first_name":"\\u0415\\u0433\\u043e\\u0440","username":"bahmutovv","language_code":"ru"},"status":"member"}}'"
2024-06-06 18:40:32 | DEB | Make request: "sendMessage" with data: "{'chat_id': '5205226194', 'text': '*\U0001f7e7 ETH: 20.02 GWEI*\n\n*BTC:* $71529.3\n*ETH:* $3845.0\n*BNB:* $710.0\n*SOL:* $173.5\n*TON:* $7.35\n\n*Капитализация:* 2.795 трлн $\n*Объем за 24 ч:* 78.655 млрд $\n*Доминирование:* BTC 50.41% ETH 16.52%', 'parse_mode': 'markdown'}" and files "None"
2024-06-06 18:40:32 | DEB | Response for sendMessage: [200] "'{"ok":true,"result":{"message_id":2497,"from":{"id":6992604156,"is_bot":true,"first_name":"ETH Gas Monitoring Bot","username":"tokito_gasbot"},"chat":{"id":868320310,"first_name":"Egor","last_name":"Bakhmutov","username":"wndrflp","type":"private"},"date":1717688432,"text":"\\ud83d\\udfe7 ETH: 20.02 GWEI\\n\\nBTC: $71529.3\\nETH: $3845.0\\nBNB: $710.0\\nSOL: $173.5\\nTON: $7.35\\n\\nMarket Cap: 2.795 trln $\\nVolume for 24 h: 78.655 mlrd $\\nDominance: BTC 50.41% ETH 16.52%","entities":[{"offset":0,"length":18,"type":"bold"},{"offset":20,"length":4,"type":"bold"},{"offset":34,"length":4,"type":"bold"},{"offset":47,"length":4,"type":"bold"},{"offset":59,"length":4,"type":"bold"},{"offset":71,"length":4,"type":"bold"},{"offset":83,"length":11,"type":"bold"},{"offset":108,"length":16,"type":"bold"},{"offset":139,"length":10,"type":"bold"}]}}'"
2024-06-06 18:40:32 | DEB | Response for sendMessage: [200] "'{"ok":true,"result":{"message_id":2498,"from":{"id":6992604156,"is_bot":true,"first_name":"ETH Gas Monitoring Bot","username":"tokito_gasbot"},"chat":{"id":5205226194,"first_name":"\\u0415\\u0433\\u043e\\u0440","username":"bahmutovv","type":"private"},"date":1717688432,"text":"\\ud83d\\udfe7 ETH: 20.02 GWEI\\n\\nBTC: $71529.3\\nETH: $3845.0\\nBNB: $710.0\\nSOL: $173.5\\nTON: $7.35\\n\\n\\u041a\\u0430\\u043f\\u0438\\u0442\\u0430\\u043b\\u0438\\u0437\\u0430\\u0446\\u0438\\u044f: 2.795 \\u0442\\u0440\\u043b\\u043d $\\n\\u041e\\u0431\\u044a\\u0435\\u043c \\u0437\\u0430 24 \\u0447: 78.655 \\u043c\\u043b\\u0440\\u0434 $\\n\\u0414\\u043e\\u043c\\u0438\\u043d\\u0438\\u0440\\u043e\\u0432\\u0430\\u043d\\u0438\\u0435: BTC 50.41% ETH 16.52%","entities":[{"offset":0,"length":18,"type":"bold"},{"offset":20,"length":4,"type":"bold"},{"offset":34,"length":4,"type":"bold"},{"offset":47,"length":4,"type":"bold"},{"offset":59,"length":4,"type":"bold"},{"offset":71,"length":4,"type":"bold"},{"offset":83,"length":14,"type":"bold"},{"offset":111,"length":14,"type":"bold"},{"offset":140,"length":14,"type":"bold"}]}}'"
2024-06-06 18:40:32 | DEB | Response for sendMessage: [200] "'{"ok":true,"result":{"message_id":2499,"from":{"id":6992604156,"is_bot":true,"first_name":"ETH Gas Monitoring Bot","username":"tokito_gasbot"},"chat":{"id":1647300494,"first_name":"Tokito","last_name":"Crypto","username":"tokito_crypto","type":"private"},"date":1717688433,"text":"\\ud83d\\udfe7 ETH: 20.02 GWEI\\n\\nBTC: $71529.3\\nETH: $3845.0\\nBNB: $710.0\\nSOL: $173.5\\nTON: $7.35\\n\\n\\u041a\\u0430\\u043f\\u0438\\u0442\\u0430\\u043b\\u0438\\u0437\\u0430\\u0446\\u0438\\u044f: 2.795 \\u0442\\u0440\\u043b\\u043d $\\n\\u041e\\u0431\\u044a\\u0435\\u043c \\u0437\\u0430 24 \\u0447: 78.655 \\u043c\\u043b\\u0440\\u0434 $\\n\\u0414\\u043e\\u043c\\u0438\\u043d\\u0438\\u0440\\u043e\\u0432\\u0430\\u043d\\u0438\\u0435: BTC 50.41% ETH 16.52%","entities":[{"offset":0,"length":18,"type":"bold"},{"offset":20,"length":4,"type":"bold"},{"offset":34,"length":4,"type":"bold"},{"offset":47,"length":4,"type":"bold"},{"offset":59,"length":4,"type":"bold"},{"offset":71,"length":4,"type":"bold"},{"offset":83,"length":14,"type":"bold"},{"offset":111,"length":14,"type":"bold"},{"offset":140,"length":14,"type":"bold"}]}}'"
2024-06-06 18:41:01 | DEB | Starting new HTTPS connection (1): api.coingecko.com:443
2024-06-06 18:41:01 | DEB | https://api.coingecko.com:443 "GET /api/v3/global HTTP/1.1" 200 None
2024-06-06 18:41:01 | DEB | Making request. Method: eth_gasPrice
2024-06-06 18:41:01 | DEB | Making request HTTP. URI: https://rpc.ankr.com/eth, Method: eth_gasPrice
2024-06-06 18:41:02 | DEB | https://rpc.ankr.com:443 "POST /eth HTTP/1.1" 200 47
2024-06-06 18:41:02 | DEB | Getting response HTTP. URI: https://rpc.ankr.com/eth, Method: eth_gasPrice, Response: {'jsonrpc': '2.0', 'id': 0, 'result': '0x4a9030085'}
2024-06-06 18:41:02 | DEB | Starting new HTTPS connection (1): api.bybit.com:443
2024-06-06 18:41:02 | DEB | https://api.bybit.com:443 "GET /v2/public/tickers?symbol=BTCUSDT HTTP/1.1" 200 754
2024-06-06 18:41:02 | DEB | Starting new HTTPS connection (1): api.bybit.com:443
2024-06-06 18:41:02 | DEB | https://api.bybit.com:443 "GET /v2/public/tickers?symbol=ETHUSDT HTTP/1.1" 200 746
2024-06-06 18:41:02 | DEB | Starting new HTTPS connection (1): api.bybit.com:443
2024-06-06 18:41:03 | DEB | https://api.bybit.com:443 "GET /v2/public/tickers?symbol=BNBUSDT HTTP/1.1" 200 736
2024-06-06 18:41:03 | DEB | Starting new HTTPS connection (1): api.bybit.com:443
2024-06-06 18:41:03 | DEB | https://api.bybit.com:443 "GET /v2/public/tickers?symbol=SOLUSDT HTTP/1.1" 200 758
2024-06-06 18:41:03 | DEB | Starting new HTTPS connection (1): api.bybit.com:443
2024-06-06 18:41:04 | DEB | https://api.bybit.com:443 "GET /v2/public/tickers?symbol=TONUSDT HTTP/1.1" 200 749
2024-06-06 18:41:04 | DEB | Make request: "getChatMember" with data: "{'chat_id': '@testik_for', 'user_id': '868320310'}" and files "None"
2024-06-06 18:41:04 | DEB | Response for getChatMember: [200] "'{"ok":true,"result":{"user":{"id":868320310,"is_bot":false,"first_name":"Egor","last_name":"Bakhmutov","username":"wndrflp","language_code":"ru","is_premium":true},"status":"creator","is_anonymous":false}}'"
2024-06-06 18:41:04 | DEB | Make request: "getChatMember" with data: "{'chat_id': '@testik_for', 'user_id': '5205226194'}" and files "None"
2024-06-06 18:41:04 | DEB | Make request: "sendMessage" with data: "{'chat_id': '868320310', 'text': '*\U0001f7e7 ETH: 20.02 GWEI*\n\n*BTC:* $71574.9\n*ETH:* $3846.7\n*BNB:* $709.6\n*SOL:* $173.6\n*TON:* $7.35\n\n*Market Cap:* 2.795 trln $\n*Volume for 24 h:* 78.655 mlrd $\n*Dominance:* BTC 50.41% ETH 16.52%', 'parse_mode': 'markdown'}" and files "None"
2024-06-06 18:41:04 | DEB | Response for getChatMember: [200] "'{"ok":true,"result":{"user":{"id":5205226194,"is_bot":false,"first_name":"\\u0415\\u0433\\u043e\\u0440","username":"bahmutovv","language_code":"ru"},"status":"member"}}'"
2024-06-06 18:41:04 | DEB | Make request: "sendMessage" with data: "{'chat_id': '5205226194', 'text': '*\U0001f7e7 ETH: 20.02 GWEI*\n\n*BTC:* $71574.9\n*ETH:* $3846.7\n*BNB:* $709.6\n*SOL:* $173.6\n*TON:* $7.35\n\n*Капитализация:* 2.795 трлн $\n*Объем за 24 ч:* 78.655 млрд $\n*Доминирование:* BTC 50.41% ETH 16.52%', 'parse_mode': 'markdown'}" and files "None"
2024-06-06 18:41:04 | DEB | Response for sendMessage: [200] "'{"ok":true,"result":{"message_id":2501,"from":{"id":6992604156,"is_bot":true,"first_name":"ETH Gas Monitoring Bot","username":"tokito_gasbot"},"chat":{"id":868320310,"first_name":"Egor","last_name":"Bakhmutov","username":"wndrflp","type":"private"},"date":1717688465,"text":"\\ud83d\\udfe7 ETH: 20.02 GWEI\\n\\nBTC: $71574.9\\nETH: $3846.7\\nBNB: $709.6\\nSOL: $173.6\\nTON: $7.35\\n\\nMarket Cap: 2.795 trln $\\nVolume for 24 h: 78.655 mlrd $\\nDominance: BTC 50.41% ETH 16.52%","entities":[{"offset":0,"length":18,"type":"bold"},{"offset":20,"length":4,"type":"bold"},{"offset":34,"length":4,"type":"bold"},{"offset":47,"length":4,"type":"bold"},{"offset":59,"length":4,"type":"bold"},{"offset":71,"length":4,"type":"bold"},{"offset":83,"length":11,"type":"bold"},{"offset":108,"length":16,"type":"bold"},{"offset":139,"length":10,"type":"bold"}]}}'"
2024-06-06 18:41:04 | DEB | Response for sendMessage: [200] "'{"ok":true,"result":{"message_id":2500,"from":{"id":6992604156,"is_bot":true,"first_name":"ETH Gas Monitoring Bot","username":"tokito_gasbot"},"chat":{"id":5205226194,"first_name":"\\u0415\\u0433\\u043e\\u0440","username":"bahmutovv","type":"private"},"date":1717688465,"text":"\\ud83d\\udfe7 ETH: 20.02 GWEI\\n\\nBTC: $71574.9\\nETH: $3846.7\\nBNB: $709.6\\nSOL: $173.6\\nTON: $7.35\\n\\n\\u041a\\u0430\\u043f\\u0438\\u0442\\u0430\\u043b\\u0438\\u0437\\u0430\\u0446\\u0438\\u044f: 2.795 \\u0442\\u0440\\u043b\\u043d $\\n\\u041e\\u0431\\u044a\\u0435\\u043c \\u0437\\u0430 24 \\u0447: 78.655 \\u043c\\u043b\\u0440\\u0434 $\\n\\u0414\\u043e\\u043c\\u0438\\u043d\\u0438\\u0440\\u043e\\u0432\\u0430\\u043d\\u0438\\u0435: BTC 50.41% ETH 16.52%","entities":[{"offset":0,"length":18,"type":"bold"},{"offset":20,"length":4,"type":"bold"},{"offset":34,"length":4,"type":"bold"},{"offset":47,"length":4,"type":"bold"},{"offset":59,"length":4,"type":"bold"},{"offset":71,"length":4,"type":"bold"},{"offset":83,"length":14,"type":"bold"},{"offset":111,"length":14,"type":"bold"},{"offset":140,"length":14,"type":"bold"}]}}'"
2024-06-06 18:41:31 | DEB | Starting new HTTPS connection (1): api.coingecko.com:443
2024-06-06 18:41:32 | DEB | https://api.coingecko.com:443 "GET /api/v3/global HTTP/1.1" 200 None
2024-06-06 18:41:32 | DEB | Making request. Method: eth_gasPrice
2024-06-06 18:41:32 | DEB | Making request HTTP. URI: https://rpc.ankr.com/eth, Method: eth_gasPrice
2024-06-06 18:41:32 | DEB | https://rpc.ankr.com:443 "POST /eth HTTP/1.1" 200 47
2024-06-06 18:41:32 | DEB | Getting response HTTP. URI: https://rpc.ankr.com/eth, Method: eth_gasPrice, Response: {'jsonrpc': '2.0', 'id': 0, 'result': '0x4e955cfc5'}
2024-06-06 18:41:32 | DEB | Starting new HTTPS connection (1): api.bybit.com:443
2024-06-06 18:41:32 | DEB | https://api.bybit.com:443 "GET /v2/public/tickers?symbol=BTCUSDT HTTP/1.1" 200 755
2024-06-06 18:41:32 | DEB | Starting new HTTPS connection (1): api.bybit.com:443
2024-06-06 18:41:33 | DEB | https://api.bybit.com:443 "GET /v2/public/tickers?symbol=ETHUSDT HTTP/1.1" 200 744
2024-06-06 18:41:33 | DEB | Starting new HTTPS connection (1): api.bybit.com:443
2024-06-06 18:41:33 | DEB | https://api.bybit.com:443 "GET /v2/public/tickers?symbol=BNBUSDT HTTP/1.1" 200 736
2024-06-06 18:41:33 | DEB | Starting new HTTPS connection (1): api.bybit.com:443
2024-06-06 18:41:34 | DEB | https://api.bybit.com:443 "GET /v2/public/tickers?symbol=SOLUSDT HTTP/1.1" 200 758
2024-06-06 18:41:34 | DEB | Starting new HTTPS connection (1): api.bybit.com:443
2024-06-06 18:41:34 | DEB | https://api.bybit.com:443 "GET /v2/public/tickers?symbol=TONUSDT HTTP/1.1" 200 750
2024-06-06 18:41:34 | DEB | Make request: "getChatMember" with data: "{'chat_id': '@testik_for', 'user_id': '868320310'}" and files "None"
2024-06-06 18:41:34 | DEB | Response for getChatMember: [200] "'{"ok":true,"result":{"user":{"id":868320310,"is_bot":false,"first_name":"Egor","last_name":"Bakhmutov","username":"wndrflp","language_code":"ru","is_premium":true},"status":"creator","is_anonymous":false}}'"
2024-06-06 18:41:34 | DEB | Make request: "getChatMember" with data: "{'chat_id': '@testik_for', 'user_id': '5205226194'}" and files "None"
2024-06-06 18:41:34 | DEB | Make request: "sendMessage" with data: "{'chat_id': '868320310', 'text': '*\U0001f7e7 ETH: 21.09 GWEI*\n\n*BTC:* $71566.2\n*ETH:* $3846.5\n*BNB:* $709.4\n*SOL:* $173.6\n*TON:* $7.35\n\n*Market Cap:* 2.795 trln $\n*Volume for 24 h:* 78.655 mlrd $\n*Dominance:* BTC 50.41% ETH 16.52%', 'parse_mode': 'markdown'}" and files "None"
2024-06-06 18:41:34 | DEB | Response for getChatMember: [200] "'{"ok":true,"result":{"user":{"id":5205226194,"is_bot":false,"first_name":"\\u0415\\u0433\\u043e\\u0440","username":"bahmutovv","language_code":"ru"},"status":"member"}}'"
2024-06-06 18:41:34 | DEB | Make request: "sendMessage" with data: "{'chat_id': '5205226194', 'text': '*\U0001f7e7 ETH: 21.09 GWEI*\n\n*BTC:* $71566.2\n*ETH:* $3846.5\n*BNB:* $709.4\n*SOL:* $173.6\n*TON:* $7.35\n\n*Капитализация:* 2.795 трлн $\n*Объем за 24 ч:* 78.655 млрд $\n*Доминирование:* BTC 50.41% ETH 16.52%', 'parse_mode': 'markdown'}" and files "None"
2024-06-06 18:41:34 | DEB | Response for sendMessage: [200] "'{"ok":true,"result":{"message_id":2502,"from":{"id":6992604156,"is_bot":true,"first_name":"ETH Gas Monitoring Bot","username":"tokito_gasbot"},"chat":{"id":5205226194,"first_name":"\\u0415\\u0433\\u043e\\u0440","username":"bahmutovv","type":"private"},"date":1717688495,"text":"\\ud83d\\udfe7 ETH: 21.09 GWEI\\n\\nBTC: $71566.2\\nETH: $3846.5\\nBNB: $709.4\\nSOL: $173.6\\nTON: $7.35\\n\\n\\u041a\\u0430\\u043f\\u0438\\u0442\\u0430\\u043b\\u0438\\u0437\\u0430\\u0446\\u0438\\u044f: 2.795 \\u0442\\u0440\\u043b\\u043d $\\n\\u041e\\u0431\\u044a\\u0435\\u043c \\u0437\\u0430 24 \\u0447: 78.655 \\u043c\\u043b\\u0440\\u0434 $\\n\\u0414\\u043e\\u043c\\u0438\\u043d\\u0438\\u0440\\u043e\\u0432\\u0430\\u043d\\u0438\\u0435: BTC 50.41% ETH 16.52%","entities":[{"offset":0,"length":18,"type":"bold"},{"offset":20,"length":4,"type":"bold"},{"offset":34,"length":4,"type":"bold"},{"offset":47,"length":4,"type":"bold"},{"offset":59,"length":4,"type":"bold"},{"offset":71,"length":4,"type":"bold"},{"offset":83,"length":14,"type":"bold"},{"offset":111,"length":14,"type":"bold"},{"offset":140,"length":14,"type":"bold"}]}}'"
2024-06-06 18:41:34 | DEB | Response for sendMessage: [200] "'{"ok":true,"result":{"message_id":2503,"from":{"id":6992604156,"is_bot":true,"first_name":"ETH Gas Monitoring Bot","username":"tokito_gasbot"},"chat":{"id":868320310,"first_name":"Egor","last_name":"Bakhmutov","username":"wndrflp","type":"private"},"date":1717688495,"text":"\\ud83d\\udfe7 ETH: 21.09 GWEI\\n\\nBTC: $71566.2\\nETH: $3846.5\\nBNB: $709.4\\nSOL: $173.6\\nTON: $7.35\\n\\nMarket Cap: 2.795 trln $\\nVolume for 24 h: 78.655 mlrd $\\nDominance: BTC 50.41% ETH 16.52%","entities":[{"offset":0,"length":18,"type":"bold"},{"offset":20,"length":4,"type":"bold"},{"offset":34,"length":4,"type":"bold"},{"offset":47,"length":4,"type":"bold"},{"offset":59,"length":4,"type":"bold"},{"offset":71,"length":4,"type":"bold"},{"offset":83,"length":11,"type":"bold"},{"offset":108,"length":16,"type":"bold"},{"offset":139,"length":10,"type":"bold"}]}}'"
2024-06-06 18:42:01 | DEB | Starting new HTTPS connection (1): api.coingecko.com:443
2024-06-06 18:42:02 | DEB | https://api.coingecko.com:443 "GET /api/v3/global HTTP/1.1" 200 None
2024-06-06 18:42:02 | DEB | Making request. Method: eth_gasPrice
2024-06-06 18:42:02 | DEB | Making request HTTP. URI: https://rpc.ankr.com/eth, Method: eth_gasPrice
2024-06-06 18:42:02 | DEB | https://rpc.ankr.com:443 "POST /eth HTTP/1.1" 200 47
2024-06-06 18:42:02 | DEB | Getting response HTTP. URI: https://rpc.ankr.com/eth, Method: eth_gasPrice, Response: {'jsonrpc': '2.0', 'id': 0, 'result': '0x4e955cfc5'}
2024-06-06 18:42:02 | DEB | Starting new HTTPS connection (1): api.bybit.com:443
2024-06-06 18:42:03 | DEB | https://api.bybit.com:443 "GET /v2/public/tickers?symbol=BTCUSDT HTTP/1.1" 200 756
2024-06-06 18:42:03 | DEB | Starting new HTTPS connection (1): api.bybit.com:443
2024-06-06 18:42:03 | DEB | https://api.bybit.com:443 "GET /v2/public/tickers?symbol=ETHUSDT HTTP/1.1" 200 746
2024-06-06 18:42:03 | DEB | Starting new HTTPS connection (1): api.bybit.com:443
2024-06-06 18:42:03 | DEB | https://api.bybit.com:443 "GET /v2/public/tickers?symbol=BNBUSDT HTTP/1.1" 200 736
2024-06-06 18:42:03 | DEB | Starting new HTTPS connection (1): api.bybit.com:443
2024-06-06 18:42:04 | DEB | https://api.bybit.com:443 "GET /v2/public/tickers?symbol=SOLUSDT HTTP/1.1" 200 757
2024-06-06 18:42:04 | DEB | Starting new HTTPS connection (1): api.bybit.com:443
2024-06-06 18:42:04 | DEB | https://api.bybit.com:443 "GET /v2/public/tickers?symbol=TONUSDT HTTP/1.1" 200 749
2024-06-06 18:42:04 | DEB | Make request: "getChatMember" with data: "{'chat_id': '@testik_for', 'user_id': '868320310'}" and files "None"
2024-06-06 18:42:04 | DEB | Response for getChatMember: [200] "'{"ok":true,"result":{"user":{"id":868320310,"is_bot":false,"first_name":"Egor","last_name":"Bakhmutov","username":"wndrflp","language_code":"ru","is_premium":true},"status":"creator","is_anonymous":false}}'"
2024-06-06 18:42:04 | DEB | Make request: "getChatMember" with data: "{'chat_id': '@testik_for', 'user_id': '5205226194'}" and files "None"
2024-06-06 18:42:04 | DEB | Make request: "sendMessage" with data: "{'chat_id': '868320310', 'text': '*\U0001f7e7 ETH: 21.09 GWEI*\n\n*BTC:* $71540.5\n*ETH:* $3846.2\n*BNB:* $709.1\n*SOL:* $173.5\n*TON:* $7.34\n\n*Market Cap:* 2.795 trln $\n*Volume for 24 h:* 78.655 mlrd $\n*Dominance:* BTC 50.41% ETH 16.52%', 'parse_mode': 'markdown'}" and files "None"
2024-06-06 18:42:04 | DEB | Response for getChatMember: [200] "'{"ok":true,"result":{"user":{"id":5205226194,"is_bot":false,"first_name":"\\u0415\\u0433\\u043e\\u0440","username":"bahmutovv","language_code":"ru"},"status":"member"}}'"
2024-06-06 18:42:04 | DEB | Make request: "sendMessage" with data: "{'chat_id': '5205226194', 'text': '*\U0001f7e7 ETH: 21.09 GWEI*\n\n*BTC:* $71540.5\n*ETH:* $3846.2\n*BNB:* $709.1\n*SOL:* $173.5\n*TON:* $7.34\n\n*Капитализация:* 2.795 трлн $\n*Объем за 24 ч:* 78.655 млрд $\n*Доминирование:* BTC 50.41% ETH 16.52%', 'parse_mode': 'markdown'}" and files "None"
2024-06-06 18:42:04 | DEB | Response for sendMessage: [200] "'{"ok":true,"result":{"message_id":2504,"from":{"id":6992604156,"is_bot":true,"first_name":"ETH Gas Monitoring Bot","username":"tokito_gasbot"},"chat":{"id":5205226194,"first_name":"\\u0415\\u0433\\u043e\\u0440","username":"bahmutovv","type":"private"},"date":1717688525,"text":"\\ud83d\\udfe7 ETH: 21.09 GWEI\\n\\nBTC: $71540.5\\nETH: $3846.2\\nBNB: $709.1\\nSOL: $173.5\\nTON: $7.34\\n\\n\\u041a\\u0430\\u043f\\u0438\\u0442\\u0430\\u043b\\u0438\\u0437\\u0430\\u0446\\u0438\\u044f: 2.795 \\u0442\\u0440\\u043b\\u043d $\\n\\u041e\\u0431\\u044a\\u0435\\u043c \\u0437\\u0430 24 \\u0447: 78.655 \\u043c\\u043b\\u0440\\u0434 $\\n\\u0414\\u043e\\u043c\\u0438\\u043d\\u0438\\u0440\\u043e\\u0432\\u0430\\u043d\\u0438\\u0435: BTC 50.41% ETH 16.52%","entities":[{"offset":0,"length":18,"type":"bold"},{"offset":20,"length":4,"type":"bold"},{"offset":34,"length":4,"type":"bold"},{"offset":47,"length":4,"type":"bold"},{"offset":59,"length":4,"type":"bold"},{"offset":71,"length":4,"type":"bold"},{"offset":83,"length":14,"type":"bold"},{"offset":111,"length":14,"type":"bold"},{"offset":140,"length":14,"type":"bold"}]}}'"
2024-06-06 18:42:04 | DEB | Response for sendMessage: [200] "'{"ok":true,"result":{"message_id":2505,"from":{"id":6992604156,"is_bot":true,"first_name":"ETH Gas Monitoring Bot","username":"tokito_gasbot"},"chat":{"id":868320310,"first_name":"Egor","last_name":"Bakhmutov","username":"wndrflp","type":"private"},"date":1717688525,"text":"\\ud83d\\udfe7 ETH: 21.09 GWEI\\n\\nBTC: $71540.5\\nETH: $3846.2\\nBNB: $709.1\\nSOL: $173.5\\nTON: $7.34\\n\\nMarket Cap: 2.795 trln $\\nVolume for 24 h: 78.655 mlrd $\\nDominance: BTC 50.41% ETH 16.52%","entities":[{"offset":0,"length":18,"type":"bold"},{"offset":20,"length":4,"type":"bold"},{"offset":34,"length":4,"type":"bold"},{"offset":47,"length":4,"type":"bold"},{"offset":59,"length":4,"type":"bold"},{"offset":71,"length":4,"type":"bold"},{"offset":83,"length":11,"type":"bold"},{"offset":108,"length":16,"type":"bold"},{"offset":139,"length":10,"type":"bold"}]}}'"
2024-06-06 18:42:31 | DEB | Starting new HTTPS connection (1): api.coingecko.com:443
2024-06-06 18:42:31 | DEB | https://api.coingecko.com:443 "GET /api/v3/global HTTP/1.1" 200 None
2024-06-06 18:42:31 | DEB | Making request. Method: eth_gasPrice
2024-06-06 18:42:31 | DEB | Making request HTTP. URI: https://rpc.ankr.com/eth, Method: eth_gasPrice
2024-06-06 18:42:32 | DEB | https://rpc.ankr.com:443 "POST /eth HTTP/1.1" 200 47
2024-06-06 18:42:32 | DEB | Getting response HTTP. URI: https://rpc.ankr.com/eth, Method: eth_gasPrice, Response: {'jsonrpc': '2.0', 'id': 0, 'result': '0x4b8884f61'}
2024-06-06 18:42:32 | DEB | Starting new HTTPS connection (1): api.bybit.com:443
2024-06-06 18:42:32 | DEB | https://api.bybit.com:443 "GET /v2/public/tickers?symbol=BTCUSDT HTTP/1.1" 200 756
2024-06-06 18:42:32 | DEB | Starting new HTTPS connection (1): api.bybit.com:443
2024-06-06 18:42:32 | DEB | https://api.bybit.com:443 "GET /v2/public/tickers?symbol=ETHUSDT HTTP/1.1" 200 745
2024-06-06 18:42:32 | DEB | Starting new HTTPS connection (1): api.bybit.com:443
2024-06-06 18:42:33 | DEB | https://api.bybit.com:443 "GET /v2/public/tickers?symbol=BNBUSDT HTTP/1.1" 200 736
2024-06-06 18:42:33 | DEB | Starting new HTTPS connection (1): api.bybit.com:443
2024-06-06 18:42:33 | DEB | https://api.bybit.com:443 "GET /v2/public/tickers?symbol=SOLUSDT HTTP/1.1" 200 755
2024-06-06 18:42:33 | DEB | Starting new HTTPS connection (1): api.bybit.com:443
2024-06-06 18:42:34 | DEB | https://api.bybit.com:443 "GET /v2/public/tickers?symbol=TONUSDT HTTP/1.1" 200 744
2024-06-06 18:42:34 | DEB | Make request: "getChatMember" with data: "{'chat_id': '@testik_for', 'user_id': '868320310'}" and files "None"
2024-06-06 18:42:34 | DEB | Response for getChatMember: [200] "'{"ok":true,"result":{"user":{"id":868320310,"is_bot":false,"first_name":"Egor","last_name":"Bakhmutov","username":"wndrflp","language_code":"ru","is_premium":true},"status":"creator","is_anonymous":false}}'"
2024-06-06 18:42:34 | DEB | Make request: "getChatMember" with data: "{'chat_id': '@testik_for', 'user_id': '5205226194'}" and files "None"
2024-06-06 18:42:34 | DEB | Make request: "sendMessage" with data: "{'chat_id': '868320310', 'text': '*\U0001f7e7 ETH: 20.28 GWEI*\n\n*BTC:* $71531.4\n*ETH:* $3845.8\n*BNB:* $709.4\n*SOL:* $173.5\n*TON:* $7.34\n\n*Market Cap:* 2.795 trln $\n*Volume for 24 h:* 78.655 mlrd $\n*Dominance:* BTC 50.41% ETH 16.52%', 'parse_mode': 'markdown'}" and files "None"
2024-06-06 18:42:34 | DEB | Response for getChatMember: [200] "'{"ok":true,"result":{"user":{"id":5205226194,"is_bot":false,"first_name":"\\u0415\\u0433\\u043e\\u0440","username":"bahmutovv","language_code":"ru"},"status":"member"}}'"
2024-06-06 18:42:34 | DEB | Make request: "sendMessage" with data: "{'chat_id': '5205226194', 'text': '*\U0001f7e7 ETH: 20.28 GWEI*\n\n*BTC:* $71531.4\n*ETH:* $3845.8\n*BNB:* $709.4\n*SOL:* $173.5\n*TON:* $7.34\n\n*Капитализация:* 2.795 трлн $\n*Объем за 24 ч:* 78.655 млрд $\n*Доминирование:* BTC 50.41% ETH 16.52%', 'parse_mode': 'markdown'}" and files "None"
2024-06-06 18:42:34 | DEB | Response for sendMessage: [200] "'{"ok":true,"result":{"message_id":2506,"from":{"id":6992604156,"is_bot":true,"first_name":"ETH Gas Monitoring Bot","username":"tokito_gasbot"},"chat":{"id":5205226194,"first_name":"\\u0415\\u0433\\u043e\\u0440","username":"bahmutovv","type":"private"},"date":1717688555,"text":"\\ud83d\\udfe7 ETH: 20.28 GWEI\\n\\nBTC: $71531.4\\nETH: $3845.8\\nBNB: $709.4\\nSOL: $173.5\\nTON: $7.34\\n\\n\\u041a\\u0430\\u043f\\u0438\\u0442\\u0430\\u043b\\u0438\\u0437\\u0430\\u0446\\u0438\\u044f: 2.795 \\u0442\\u0440\\u043b\\u043d $\\n\\u041e\\u0431\\u044a\\u0435\\u043c \\u0437\\u0430 24 \\u0447: 78.655 \\u043c\\u043b\\u0440\\u0434 $\\n\\u0414\\u043e\\u043c\\u0438\\u043d\\u0438\\u0440\\u043e\\u0432\\u0430\\u043d\\u0438\\u0435: BTC 50.41% ETH 16.52%","entities":[{"offset":0,"length":18,"type":"bold"},{"offset":20,"length":4,"type":"bold"},{"offset":34,"length":4,"type":"bold"},{"offset":47,"length":4,"type":"bold"},{"offset":59,"length":4,"type":"bold"},{"offset":71,"length":4,"type":"bold"},{"offset":83,"length":14,"type":"bold"},{"offset":111,"length":14,"type":"bold"},{"offset":140,"length":14,"type":"bold"}]}}'"
2024-06-06 18:42:34 | DEB | Response for sendMessage: [200] "'{"ok":true,"result":{"message_id":2507,"from":{"id":6992604156,"is_bot":true,"first_name":"ETH Gas Monitoring Bot","username":"tokito_gasbot"},"chat":{"id":868320310,"first_name":"Egor","last_name":"Bakhmutov","username":"wndrflp","type":"private"},"date":1717688555,"text":"\\ud83d\\udfe7 ETH: 20.28 GWEI\\n\\nBTC: $71531.4\\nETH: $3845.8\\nBNB: $709.4\\nSOL: $173.5\\nTON: $7.34\\n\\nMarket Cap: 2.795 trln $\\nVolume for 24 h: 78.655 mlrd $\\nDominance: BTC 50.41% ETH 16.52%","entities":[{"offset":0,"length":18,"type":"bold"},{"offset":20,"length":4,"type":"bold"},{"offset":34,"length":4,"type":"bold"},{"offset":47,"length":4,"type":"bold"},{"offset":59,"length":4,"type":"bold"},{"offset":71,"length":4,"type":"bold"},{"offset":83,"length":11,"type":"bold"},{"offset":108,"length":16,"type":"bold"},{"offset":139,"length":10,"type":"bold"}]}}'"
2024-06-06 18:43:01 | DEB | Starting new HTTPS connection (1): api.coingecko.com:443
2024-06-06 18:43:02 | DEB | https://api.coingecko.com:443 "GET /api/v3/global HTTP/1.1" 200 None
2024-06-06 18:43:02 | DEB | Making request. Method: eth_gasPrice
2024-06-06 18:43:02 | DEB | Making request HTTP. URI: https://rpc.ankr.com/eth, Method: eth_gasPrice
2024-06-06 18:43:02 | DEB | https://rpc.ankr.com:443 "POST /eth HTTP/1.1" 200 47
2024-06-06 18:43:02 | DEB | Getting response HTTP. URI: https://rpc.ankr.com/eth, Method: eth_gasPrice, Response: {'jsonrpc': '2.0', 'id': 0, 'result': '0x4b8884f61'}
2024-06-06 18:43:02 | DEB | Starting new HTTPS connection (1): api.bybit.com:443
2024-06-06 18:43:02 | DEB | https://api.bybit.com:443 "GET /v2/public/tickers?symbol=BTCUSDT HTTP/1.1" 200 752
2024-06-06 18:43:02 | DEB | Starting new HTTPS connection (1): api.bybit.com:443
2024-06-06 18:43:03 | DEB | https://api.bybit.com:443 "GET /v2/public/tickers?symbol=ETHUSDT HTTP/1.1" 200 745
2024-06-06 18:43:03 | DEB | Starting new HTTPS connection (1): api.bybit.com:443
2024-06-06 18:43:03 | DEB | https://api.bybit.com:443 "GET /v2/public/tickers?symbol=BNBUSDT HTTP/1.1" 200 735
2024-06-06 18:43:03 | DEB | Starting new HTTPS connection (1): api.bybit.com:443
2024-06-06 18:43:04 | DEB | https://api.bybit.com:443 "GET /v2/public/tickers?symbol=SOLUSDT HTTP/1.1" 200 757
2024-06-06 18:43:04 | DEB | Starting new HTTPS connection (1): api.bybit.com:443
2024-06-06 18:43:04 | DEB | https://api.bybit.com:443 "GET /v2/public/tickers?symbol=TONUSDT HTTP/1.1" 200 749
2024-06-06 18:43:04 | DEB | Make request: "getChatMember" with data: "{'chat_id': '@testik_for', 'user_id': '868320310'}" and files "None"
2024-06-06 18:43:04 | DEB | Response for getChatMember: [200] "'{"ok":true,"result":{"user":{"id":868320310,"is_bot":false,"first_name":"Egor","last_name":"Bakhmutov","username":"wndrflp","language_code":"ru","is_premium":true},"status":"creator","is_anonymous":false}}'"
2024-06-06 18:43:04 | DEB | Make request: "getChatMember" with data: "{'chat_id': '@testik_for', 'user_id': '5205226194'}" and files "None"
2024-06-06 18:43:04 | DEB | Make request: "sendMessage" with data: "{'chat_id': '868320310', 'text': '*\U0001f7e7 ETH: 20.28 GWEI*\n\n*BTC:* $71570.9\n*ETH:* $3847.5\n*BNB:* $709.4\n*SOL:* $173.6\n*TON:* $7.34\n\n*Market Cap:* 2.795 trln $\n*Volume for 24 h:* 78.655 mlrd $\n*Dominance:* BTC 50.41% ETH 16.52%', 'parse_mode': 'markdown'}" and files "None"
2024-06-06 18:43:04 | DEB | Response for getChatMember: [200] "'{"ok":true,"result":{"user":{"id":5205226194,"is_bot":false,"first_name":"\\u0415\\u0433\\u043e\\u0440","username":"bahmutovv","language_code":"ru"},"status":"member"}}'"
2024-06-06 18:43:04 | DEB | Make request: "sendMessage" with data: "{'chat_id': '5205226194', 'text': '*\U0001f7e7 ETH: 20.28 GWEI*\n\n*BTC:* $71570.9\n*ETH:* $3847.5\n*BNB:* $709.4\n*SOL:* $173.6\n*TON:* $7.34\n\n*Капитализация:* 2.795 трлн $\n*Объем за 24 ч:* 78.655 млрд $\n*Доминирование:* BTC 50.41% ETH 16.52%', 'parse_mode': 'markdown'}" and files "None"
2024-06-06 18:43:04 | DEB | Response for sendMessage: [200] "'{"ok":true,"result":{"message_id":2508,"from":{"id":6992604156,"is_bot":true,"first_name":"ETH Gas Monitoring Bot","username":"tokito_gasbot"},"chat":{"id":5205226194,"first_name":"\\u0415\\u0433\\u043e\\u0440","username":"bahmutovv","type":"private"},"date":1717688585,"text":"\\ud83d\\udfe7 ETH: 20.28 GWEI\\n\\nBTC: $71570.9\\nETH: $3847.5\\nBNB: $709.4\\nSOL: $173.6\\nTON: $7.34\\n\\n\\u041a\\u0430\\u043f\\u0438\\u0442\\u0430\\u043b\\u0438\\u0437\\u0430\\u0446\\u0438\\u044f: 2.795 \\u0442\\u0440\\u043b\\u043d $\\n\\u041e\\u0431\\u044a\\u0435\\u043c \\u0437\\u0430 24 \\u0447: 78.655 \\u043c\\u043b\\u0440\\u0434 $\\n\\u0414\\u043e\\u043c\\u0438\\u043d\\u0438\\u0440\\u043e\\u0432\\u0430\\u043d\\u0438\\u0435: BTC 50.41% ETH 16.52%","entities":[{"offset":0,"length":18,"type":"bold"},{"offset":20,"length":4,"type":"bold"},{"offset":34,"length":4,"type":"bold"},{"offset":47,"length":4,"type":"bold"},{"offset":59,"length":4,"type":"bold"},{"offset":71,"length":4,"type":"bold"},{"offset":83,"length":14,"type":"bold"},{"offset":111,"length":14,"type":"bold"},{"offset":140,"length":14,"type":"bold"}]}}'"
2024-06-06 18:43:04 | DEB | Response for sendMessage: [200] "'{"ok":true,"result":{"message_id":2509,"from":{"id":6992604156,"is_bot":true,"first_name":"ETH Gas Monitoring Bot","username":"tokito_gasbot"},"chat":{"id":868320310,"first_name":"Egor","last_name":"Bakhmutov","username":"wndrflp","type":"private"},"date":1717688585,"text":"\\ud83d\\udfe7 ETH: 20.28 GWEI\\n\\nBTC: $71570.9\\nETH: $3847.5\\nBNB: $709.4\\nSOL: $173.6\\nTON: $7.34\\n\\nMarket Cap: 2.795 trln $\\nVolume for 24 h: 78.655 mlrd $\\nDominance: BTC 50.41% ETH 16.52%","entities":[{"offset":0,"length":18,"type":"bold"},{"offset":20,"length":4,"type":"bold"},{"offset":34,"length":4,"type":"bold"},{"offset":47,"length":4,"type":"bold"},{"offset":59,"length":4,"type":"bold"},{"offset":71,"length":4,"type":"bold"},{"offset":83,"length":11,"type":"bold"},{"offset":108,"length":16,"type":"bold"},{"offset":139,"length":10,"type":"bold"}]}}'"
2024-06-06 18:43:31 | DEB | Starting new HTTPS connection (1): api.coingecko.com:443
2024-06-06 18:43:31 | DEB | https://api.coingecko.com:443 "GET /api/v3/global HTTP/1.1" 200 None
2024-06-06 18:43:31 | DEB | Making request. Method: eth_gasPrice
2024-06-06 18:43:31 | DEB | Making request HTTP. URI: https://rpc.ankr.com/eth, Method: eth_gasPrice
2024-06-06 18:43:31 | DEB | https://rpc.ankr.com:443 "POST /eth HTTP/1.1" 200 47
2024-06-06 18:43:31 | DEB | Getting response HTTP. URI: https://rpc.ankr.com/eth, Method: eth_gasPrice, Response: {'jsonrpc': '2.0', 'id': 0, 'result': '0x47ecbd520'}
2024-06-06 18:43:31 | DEB | Starting new HTTPS connection (1): api.bybit.com:443
2024-06-06 18:43:31 | DEB | https://api.bybit.com:443 "GET /v2/public/tickers?symbol=BTCUSDT HTTP/1.1" 200 756
2024-06-06 18:43:31 | DEB | Starting new HTTPS connection (1): api.bybit.com:443
2024-06-06 18:43:32 | DEB | https://api.bybit.com:443 "GET /v2/public/tickers?symbol=ETHUSDT HTTP/1.1" 200 745
2024-06-06 18:43:32 | DEB | Starting new HTTPS connection (1): api.bybit.com:443
2024-06-06 18:43:32 | DEB | https://api.bybit.com:443 "GET /v2/public/tickers?symbol=BNBUSDT HTTP/1.1" 200 736
2024-06-06 18:43:32 | DEB | Starting new HTTPS connection (1): api.bybit.com:443
2024-06-06 18:43:32 | DEB | https://api.bybit.com:443 "GET /v2/public/tickers?symbol=SOLUSDT HTTP/1.1" 200 756
2024-06-06 18:43:32 | DEB | Starting new HTTPS connection (1): api.bybit.com:443
2024-06-06 18:43:32 | DEB | https://api.bybit.com:443 "GET /v2/public/tickers?symbol=TONUSDT HTTP/1.1" 200 749
2024-06-06 18:43:32 | DEB | Make request: "getChatMember" with data: "{'chat_id': '@testik_for', 'user_id': '868320310'}" and files "None"
2024-06-06 18:43:33 | DEB | Response for getChatMember: [200] "'{"ok":true,"result":{"user":{"id":868320310,"is_bot":false,"first_name":"Egor","last_name":"Bakhmutov","username":"wndrflp","language_code":"ru","is_premium":true},"status":"creator","is_anonymous":false}}'"
2024-06-06 18:43:33 | DEB | Make request: "getChatMember" with data: "{'chat_id': '@testik_for', 'user_id': '5205226194'}" and files "None"
2024-06-06 18:43:33 | DEB | Make request: "sendMessage" with data: "{'chat_id': '868320310', 'text': '*\U0001f7e9 ETH: 19.31 GWEI*\n\n*BTC:* $71582.9\n*ETH:* $3848.5\n*BNB:* $708.0\n*SOL:* $173.5\n*TON:* $7.34\n\n*Market Cap:* 2.795 trln $\n*Volume for 24 h:* 78.655 mlrd $\n*Dominance:* BTC 50.41% ETH 16.52%', 'parse_mode': 'markdown'}" and files "None"
2024-06-06 18:43:33 | DEB | Response for getChatMember: [200] "'{"ok":true,"result":{"user":{"id":5205226194,"is_bot":false,"first_name":"\\u0415\\u0433\\u043e\\u0440","username":"bahmutovv","language_code":"ru"},"status":"member"}}'"
2024-06-06 18:43:33 | DEB | Make request: "sendMessage" with data: "{'chat_id': '5205226194', 'text': '*\U0001f7e9 ETH: 19.31 GWEI*\n\n*BTC:* $71582.9\n*ETH:* $3848.5\n*BNB:* $708.0\n*SOL:* $173.5\n*TON:* $7.34\n\n*Капитализация:* 2.795 трлн $\n*Объем за 24 ч:* 78.655 млрд $\n*Доминирование:* BTC 50.41% ETH 16.52%', 'parse_mode': 'markdown'}" and files "None"
2024-06-06 18:43:33 | DEB | Response for sendMessage: [200] "'{"ok":true,"result":{"message_id":2510,"from":{"id":6992604156,"is_bot":true,"first_name":"ETH Gas Monitoring Bot","username":"tokito_gasbot"},"chat":{"id":5205226194,"first_name":"\\u0415\\u0433\\u043e\\u0440","username":"bahmutovv","type":"private"},"date":1717688614,"text":"\\ud83d\\udfe9 ETH: 19.31 GWEI\\n\\nBTC: $71582.9\\nETH: $3848.5\\nBNB: $708.0\\nSOL: $173.5\\nTON: $7.34\\n\\n\\u041a\\u0430\\u043f\\u0438\\u0442\\u0430\\u043b\\u0438\\u0437\\u0430\\u0446\\u0438\\u044f: 2.795 \\u0442\\u0440\\u043b\\u043d $\\n\\u041e\\u0431\\u044a\\u0435\\u043c \\u0437\\u0430 24 \\u0447: 78.655 \\u043c\\u043b\\u0440\\u0434 $\\n\\u0414\\u043e\\u043c\\u0438\\u043d\\u0438\\u0440\\u043e\\u0432\\u0430\\u043d\\u0438\\u0435: BTC 50.41% ETH 16.52%","entities":[{"offset":0,"length":18,"type":"bold"},{"offset":20,"length":4,"type":"bold"},{"offset":34,"length":4,"type":"bold"},{"offset":47,"length":4,"type":"bold"},{"offset":59,"length":4,"type":"bold"},{"offset":71,"length":4,"type":"bold"},{"offset":83,"length":14,"type":"bold"},{"offset":111,"length":14,"type":"bold"},{"offset":140,"length":14,"type":"bold"}]}}'"
2024-06-06 18:43:33 | DEB | Response for sendMessage: [200] "'{"ok":true,"result":{"message_id":2511,"from":{"id":6992604156,"is_bot":true,"first_name":"ETH Gas Monitoring Bot","username":"tokito_gasbot"},"chat":{"id":868320310,"first_name":"Egor","last_name":"Bakhmutov","username":"wndrflp","type":"private"},"date":1717688614,"text":"\\ud83d\\udfe9 ETH: 19.31 GWEI\\n\\nBTC: $71582.9\\nETH: $3848.5\\nBNB: $708.0\\nSOL: $173.5\\nTON: $7.34\\n\\nMarket Cap: 2.795 trln $\\nVolume for 24 h: 78.655 mlrd $\\nDominance: BTC 50.41% ETH 16.52%","entities":[{"offset":0,"length":18,"type":"bold"},{"offset":20,"length":4,"type":"bold"},{"offset":34,"length":4,"type":"bold"},{"offset":47,"length":4,"type":"bold"},{"offset":59,"length":4,"type":"bold"},{"offset":71,"length":4,"type":"bold"},{"offset":83,"length":11,"type":"bold"},{"offset":108,"length":16,"type":"bold"},{"offset":139,"length":10,"type":"bold"}]}}'"
2024-06-06 18:44:01 | DEB | Starting new HTTPS connection (1): api.coingecko.com:443
2024-06-06 18:44:01 | DEB | https://api.coingecko.com:443 "GET /api/v3/global HTTP/1.1" 200 None
2024-06-06 18:44:01 | DEB | Making request. Method: eth_gasPrice
2024-06-06 18:44:01 | DEB | Making request HTTP. URI: https://rpc.ankr.com/eth, Method: eth_gasPrice
2024-06-06 18:44:01 | DEB | https://rpc.ankr.com:443 "POST /eth HTTP/1.1" 200 47
2024-06-06 18:44:01 | DEB | Getting response HTTP. URI: https://rpc.ankr.com/eth, Method: eth_gasPrice, Response: {'jsonrpc': '2.0', 'id': 0, 'result': '0x47ecbd520'}
2024-06-06 18:44:01 | DEB | Starting new HTTPS connection (1): api.bybit.com:443
2024-06-06 18:44:02 | DEB | https://api.bybit.com:443 "GET /v2/public/tickers?symbol=BTCUSDT HTTP/1.1" 200 756
2024-06-06 18:44:02 | DEB | Starting new HTTPS connection (1): api.bybit.com:443
2024-06-06 18:44:02 | DEB | https://api.bybit.com:443 "GET /v2/public/tickers?symbol=ETHUSDT HTTP/1.1" 200 745
2024-06-06 18:44:02 | DEB | Starting new HTTPS connection (1): api.bybit.com:443
2024-06-06 18:44:03 | DEB | https://api.bybit.com:443 "GET /v2/public/tickers?symbol=BNBUSDT HTTP/1.1" 200 735
2024-06-06 18:44:03 | DEB | Starting new HTTPS connection (1): api.bybit.com:443
2024-06-06 18:44:03 | DEB | https://api.bybit.com:443 "GET /v2/public/tickers?symbol=SOLUSDT HTTP/1.1" 200 753
2024-06-06 18:44:03 | DEB | Starting new HTTPS connection (1): api.bybit.com:443
2024-06-06 18:44:04 | DEB | https://api.bybit.com:443 "GET /v2/public/tickers?symbol=TONUSDT HTTP/1.1" 200 750
2024-06-06 18:44:04 | DEB | Make request: "getChatMember" with data: "{'chat_id': '@testik_for', 'user_id': '868320310'}" and files "None"
2024-06-06 18:44:04 | DEB | Response for getChatMember: [200] "'{"ok":true,"result":{"user":{"id":868320310,"is_bot":false,"first_name":"Egor","last_name":"Bakhmutov","username":"wndrflp","language_code":"ru","is_premium":true},"status":"creator","is_anonymous":false}}'"
2024-06-06 18:44:04 | DEB | Make request: "getChatMember" with data: "{'chat_id': '@testik_for', 'user_id': '5205226194'}" and files "None"
2024-06-06 18:44:04 | DEB | Make request: "sendMessage" with data: "{'chat_id': '868320310', 'text': '*\U0001f7e9 ETH: 19.31 GWEI*\n\n*BTC:* $71541.9\n*ETH:* $3847.4\n*BNB:* $708.6\n*SOL:* $173.4\n*TON:* $7.35\n\n*Market Cap:* 2.795 trln $\n*Volume for 24 h:* 78.655 mlrd $\n*Dominance:* BTC 50.41% ETH 16.52%', 'parse_mode': 'markdown'}" and files "None"
2024-06-06 18:44:04 | DEB | Response for getChatMember: [200] "'{"ok":true,"result":{"user":{"id":5205226194,"is_bot":false,"first_name":"\\u0415\\u0433\\u043e\\u0440","username":"bahmutovv","language_code":"ru"},"status":"member"}}'"
2024-06-06 18:44:04 | DEB | Make request: "sendMessage" with data: "{'chat_id': '5205226194', 'text': '*\U0001f7e9 ETH: 19.31 GWEI*\n\n*BTC:* $71541.9\n*ETH:* $3847.4\n*BNB:* $708.6\n*SOL:* $173.4\n*TON:* $7.35\n\n*Капитализация:* 2.795 трлн $\n*Объем за 24 ч:* 78.655 млрд $\n*Доминирование:* BTC 50.41% ETH 16.52%', 'parse_mode': 'markdown'}" and files "None"
2024-06-06 18:44:04 | DEB | Response for sendMessage: [200] "'{"ok":true,"result":{"message_id":2512,"from":{"id":6992604156,"is_bot":true,"first_name":"ETH Gas Monitoring Bot","username":"tokito_gasbot"},"chat":{"id":5205226194,"first_name":"\\u0415\\u0433\\u043e\\u0440","username":"bahmutovv","type":"private"},"date":1717688645,"text":"\\ud83d\\udfe9 ETH: 19.31 GWEI\\n\\nBTC: $71541.9\\nETH: $3847.4\\nBNB: $708.6\\nSOL: $173.4\\nTON: $7.35\\n\\n\\u041a\\u0430\\u043f\\u0438\\u0442\\u0430\\u043b\\u0438\\u0437\\u0430\\u0446\\u0438\\u044f: 2.795 \\u0442\\u0440\\u043b\\u043d $\\n\\u041e\\u0431\\u044a\\u0435\\u043c \\u0437\\u0430 24 \\u0447: 78.655 \\u043c\\u043b\\u0440\\u0434 $\\n\\u0414\\u043e\\u043c\\u0438\\u043d\\u0438\\u0440\\u043e\\u0432\\u0430\\u043d\\u0438\\u0435: BTC 50.41% ETH 16.52%","entities":[{"offset":0,"length":18,"type":"bold"},{"offset":20,"length":4,"type":"bold"},{"offset":34,"length":4,"type":"bold"},{"offset":47,"length":4,"type":"bold"},{"offset":59,"length":4,"type":"bold"},{"offset":71,"length":4,"type":"bold"},{"offset":83,"length":14,"type":"bold"},{"offset":111,"length":14,"type":"bold"},{"offset":140,"length":14,"type":"bold"}]}}'"
2024-06-06 18:44:04 | DEB | Response for sendMessage: [200] "'{"ok":true,"result":{"message_id":2513,"from":{"id":6992604156,"is_bot":true,"first_name":"ETH Gas Monitoring Bot","username":"tokito_gasbot"},"chat":{"id":868320310,"first_name":"Egor","last_name":"Bakhmutov","username":"wndrflp","type":"private"},"date":1717688645,"text":"\\ud83d\\udfe9 ETH: 19.31 GWEI\\n\\nBTC: $71541.9\\nETH: $3847.4\\nBNB: $708.6\\nSOL: $173.4\\nTON: $7.35\\n\\nMarket Cap: 2.795 trln $\\nVolume for 24 h: 78.655 mlrd $\\nDominance: BTC 50.41% ETH 16.52%","entities":[{"offset":0,"length":18,"type":"bold"},{"offset":20,"length":4,"type":"bold"},{"offset":34,"length":4,"type":"bold"},{"offset":47,"length":4,"type":"bold"},{"offset":59,"length":4,"type":"bold"},{"offset":71,"length":4,"type":"bold"},{"offset":83,"length":11,"type":"bold"},{"offset":108,"length":16,"type":"bold"},{"offset":139,"length":10,"type":"bold"}]}}'"
2024-06-06 18:44:31 | DEB | Starting new HTTPS connection (1): api.coingecko.com:443
2024-06-06 18:44:31 | DEB | https://api.coingecko.com:443 "GET /api/v3/global HTTP/1.1" 200 None
2024-06-06 18:44:31 | DEB | Making request. Method: eth_gasPrice
2024-06-06 18:44:31 | DEB | Making request HTTP. URI: https://rpc.ankr.com/eth, Method: eth_gasPrice
2024-06-06 18:44:31 | DEB | https://rpc.ankr.com:443 "POST /eth HTTP/1.1" 200 47
2024-06-06 18:44:31 | DEB | Getting response HTTP. URI: https://rpc.ankr.com/eth, Method: eth_gasPrice, Response: {'jsonrpc': '2.0', 'id': 0, 'result': '0x475f2e93b'}
2024-06-06 18:44:31 | DEB | Starting new HTTPS connection (1): api.bybit.com:443
2024-06-06 18:44:32 | DEB | https://api.bybit.com:443 "GET /v2/public/tickers?symbol=BTCUSDT HTTP/1.1" 200 754
2024-06-06 18:44:32 | DEB | Starting new HTTPS connection (1): api.bybit.com:443
2024-06-06 18:44:32 | DEB | https://api.bybit.com:443 "GET /v2/public/tickers?symbol=ETHUSDT HTTP/1.1" 200 743
2024-06-06 18:44:32 | DEB | Starting new HTTPS connection (1): api.bybit.com:443
2024-06-06 18:44:33 | DEB | https://api.bybit.com:443 "GET /v2/public/tickers?symbol=BNBUSDT HTTP/1.1" 200 735
2024-06-06 18:44:33 | DEB | Starting new HTTPS connection (1): api.bybit.com:443
2024-06-06 18:44:33 | DEB | https://api.bybit.com:443 "GET /v2/public/tickers?symbol=SOLUSDT HTTP/1.1" 200 758
2024-06-06 18:44:33 | DEB | Starting new HTTPS connection (1): api.bybit.com:443
2024-06-06 18:44:34 | DEB | https://api.bybit.com:443 "GET /v2/public/tickers?symbol=TONUSDT HTTP/1.1" 200 748
2024-06-06 18:44:34 | DEB | Make request: "getChatMember" with data: "{'chat_id': '@testik_for', 'user_id': '868320310'}" and files "None"
2024-06-06 18:44:34 | DEB | Response for getChatMember: [200] "'{"ok":true,"result":{"user":{"id":868320310,"is_bot":false,"first_name":"Egor","last_name":"Bakhmutov","username":"wndrflp","language_code":"ru","is_premium":true},"status":"creator","is_anonymous":false}}'"
2024-06-06 18:44:34 | DEB | Make request: "getChatMember" with data: "{'chat_id': '@testik_for', 'user_id': '5205226194'}" and files "None"
2024-06-06 18:44:34 | DEB | Make request: "sendMessage" with data: "{'chat_id': '868320310', 'text': '*\U0001f7e9 ETH: 19.16 GWEI*\n\n*BTC:* $71519.5\n*ETH:* $3847.2\n*BNB:* $706.5\n*SOL:* $173.5\n*TON:* $7.35\n\n*Market Cap:* 2.795 trln $\n*Volume for 24 h:* 78.655 mlrd $\n*Dominance:* BTC 50.41% ETH 16.52%', 'parse_mode': 'markdown'}" and files "None"
2024-06-06 18:44:34 | DEB | Response for getChatMember: [200] "'{"ok":true,"result":{"user":{"id":5205226194,"is_bot":false,"first_name":"\\u0415\\u0433\\u043e\\u0440","username":"bahmutovv","language_code":"ru"},"status":"member"}}'"
2024-06-06 18:44:34 | DEB | Make request: "sendMessage" with data: "{'chat_id': '5205226194', 'text': '*\U0001f7e9 ETH: 19.16 GWEI*\n\n*BTC:* $71519.5\n*ETH:* $3847.2\n*BNB:* $706.5\n*SOL:* $173.5\n*TON:* $7.35\n\n*Капитализация:* 2.795 трлн $\n*Объем за 24 ч:* 78.655 млрд $\n*Доминирование:* BTC 50.41% ETH 16.52%', 'parse_mode': 'markdown'}" and files "None"
2024-06-06 18:44:35 | DEB | Response for sendMessage: [200] "'{"ok":true,"result":{"message_id":2514,"from":{"id":6992604156,"is_bot":true,"first_name":"ETH Gas Monitoring Bot","username":"tokito_gasbot"},"chat":{"id":5205226194,"first_name":"\\u0415\\u0433\\u043e\\u0440","username":"bahmutovv","type":"private"},"date":1717688675,"text":"\\ud83d\\udfe9 ETH: 19.16 GWEI\\n\\nBTC: $71519.5\\nETH: $3847.2\\nBNB: $706.5\\nSOL: $173.5\\nTON: $7.35\\n\\n\\u041a\\u0430\\u043f\\u0438\\u0442\\u0430\\u043b\\u0438\\u0437\\u0430\\u0446\\u0438\\u044f: 2.795 \\u0442\\u0440\\u043b\\u043d $\\n\\u041e\\u0431\\u044a\\u0435\\u043c \\u0437\\u0430 24 \\u0447: 78.655 \\u043c\\u043b\\u0440\\u0434 $\\n\\u0414\\u043e\\u043c\\u0438\\u043d\\u0438\\u0440\\u043e\\u0432\\u0430\\u043d\\u0438\\u0435: BTC 50.41% ETH 16.52%","entities":[{"offset":0,"length":18,"type":"bold"},{"offset":20,"length":4,"type":"bold"},{"offset":34,"length":4,"type":"bold"},{"offset":47,"length":4,"type":"bold"},{"offset":59,"length":4,"type":"bold"},{"offset":71,"length":4,"type":"bold"},{"offset":83,"length":14,"type":"bold"},{"offset":111,"length":14,"type":"bold"},{"offset":140,"length":14,"type":"bold"}]}}'"
2024-06-06 18:44:35 | DEB | Response for sendMessage: [200] "'{"ok":true,"result":{"message_id":2515,"from":{"id":6992604156,"is_bot":true,"first_name":"ETH Gas Monitoring Bot","username":"tokito_gasbot"},"chat":{"id":868320310,"first_name":"Egor","last_name":"Bakhmutov","username":"wndrflp","type":"private"},"date":1717688675,"text":"\\ud83d\\udfe9 ETH: 19.16 GWEI\\n\\nBTC: $71519.5\\nETH: $3847.2\\nBNB: $706.5\\nSOL: $173.5\\nTON: $7.35\\n\\nMarket Cap: 2.795 trln $\\nVolume for 24 h: 78.655 mlrd $\\nDominance: BTC 50.41% ETH 16.52%","entities":[{"offset":0,"length":18,"type":"bold"},{"offset":20,"length":4,"type":"bold"},{"offset":34,"length":4,"type":"bold"},{"offset":47,"length":4,"type":"bold"},{"offset":59,"length":4,"type":"bold"},{"offset":71,"length":4,"type":"bold"},{"offset":83,"length":11,"type":"bold"},{"offset":108,"length":16,"type":"bold"},{"offset":139,"length":10,"type":"bold"}]}}'"
2024-06-06 18:45:01 | DEB | Starting new HTTPS connection (1): api.coingecko.com:443
2024-06-06 18:45:01 | DEB | https://api.coingecko.com:443 "GET /api/v3/global HTTP/1.1" 200 None
2024-06-06 18:45:01 | DEB | Making request. Method: eth_gasPrice
2024-06-06 18:45:01 | DEB | Making request HTTP. URI: https://rpc.ankr.com/eth, Method: eth_gasPrice
2024-06-06 18:45:01 | DEB | https://rpc.ankr.com:443 "POST /eth HTTP/1.1" 200 47
2024-06-06 18:45:01 | DEB | Getting response HTTP. URI: https://rpc.ankr.com/eth, Method: eth_gasPrice, Response: {'jsonrpc': '2.0', 'id': 0, 'result': '0x475f2e93b'}
2024-06-06 18:45:01 | DEB | Starting new HTTPS connection (1): api.bybit.com:443
2024-06-06 18:45:02 | DEB | https://api.bybit.com:443 "GET /v2/public/tickers?symbol=BTCUSDT HTTP/1.1" 200 752
2024-06-06 18:45:02 | DEB | Starting new HTTPS connection (1): api.bybit.com:443
2024-06-06 18:45:02 | DEB | https://api.bybit.com:443 "GET /v2/public/tickers?symbol=ETHUSDT HTTP/1.1" 200 745
2024-06-06 18:45:02 | DEB | Starting new HTTPS connection (1): api.bybit.com:443
2024-06-06 18:45:03 | DEB | https://api.bybit.com:443 "GET /v2/public/tickers?symbol=BNBUSDT HTTP/1.1" 200 735
2024-06-06 18:45:03 | DEB | Starting new HTTPS connection (1): api.bybit.com:443
2024-06-06 18:45:03 | DEB | https://api.bybit.com:443 "GET /v2/public/tickers?symbol=SOLUSDT HTTP/1.1" 200 757
2024-06-06 18:45:03 | DEB | Starting new HTTPS connection (1): api.bybit.com:443
2024-06-06 18:45:03 | DEB | https://api.bybit.com:443 "GET /v2/public/tickers?symbol=TONUSDT HTTP/1.1" 200 746
2024-06-06 18:45:04 | DEB | Make request: "getChatMember" with data: "{'chat_id': '@testik_for', 'user_id': '868320310'}" and files "None"
2024-06-06 18:45:04 | DEB | Response for getChatMember: [200] "'{"ok":true,"result":{"user":{"id":868320310,"is_bot":false,"first_name":"Egor","last_name":"Bakhmutov","username":"wndrflp","language_code":"ru","is_premium":true},"status":"creator","is_anonymous":false}}'"
2024-06-06 18:45:04 | DEB | Make request: "getChatMember" with data: "{'chat_id': '@testik_for', 'user_id': '1647300494'}" and files "None"
2024-06-06 18:45:04 | DEB | Make request: "sendMessage" with data: "{'chat_id': '868320310', 'text': '*\U0001f7e9 ETH: 19.16 GWEI*\n\n*BTC:* $71509.5\n*ETH:* $3847.9\n*BNB:* $707.2\n*SOL:* $173.5\n*TON:* $7.35\n\n*Market Cap:* 2.795 trln $\n*Volume for 24 h:* 78.655 mlrd $\n*Dominance:* BTC 50.41% ETH 16.52%', 'parse_mode': 'markdown'}" and files "None"
2024-06-06 18:45:04 | DEB | Response for getChatMember: [200] "'{"ok":true,"result":{"user":{"id":1647300494,"is_bot":false,"first_name":"Tokito","last_name":"Crypto","username":"tokito_crypto","language_code":"ru","is_premium":true},"status":"left"}}'"
2024-06-06 18:45:04 | DEB | Make request: "getChatMember" with data: "{'chat_id': '@testik_for', 'user_id': '5205226194'}" and files "None"
2024-06-06 18:45:04 | DEB | Make request: "sendMessage" with data: "{'chat_id': '1647300494', 'text': '*\U0001f7e9 ETH: 19.16 GWEI*\n\n*BTC:* $71509.5\n*ETH:* $3847.9\n*BNB:* $707.2\n*SOL:* $173.5\n*TON:* $7.35\n\n*Капитализация:* 2.795 трлн $\n*Объем за 24 ч:* 78.655 млрд $\n*Доминирование:* BTC 50.41% ETH 16.52%', 'parse_mode': 'markdown'}" and files "None"
2024-06-06 18:45:04 | DEB | Response for getChatMember: [200] "'{"ok":true,"result":{"user":{"id":5205226194,"is_bot":false,"first_name":"\\u0415\\u0433\\u043e\\u0440","username":"bahmutovv","language_code":"ru"},"status":"member"}}'"
2024-06-06 18:45:04 | DEB | Make request: "sendMessage" with data: "{'chat_id': '5205226194', 'text': '*\U0001f7e9 ETH: 19.16 GWEI*\n\n*BTC:* $71509.5\n*ETH:* $3847.9\n*BNB:* $707.2\n*SOL:* $173.5\n*TON:* $7.35\n\n*Капитализация:* 2.795 трлн $\n*Объем за 24 ч:* 78.655 млрд $\n*Доминирование:* BTC 50.41% ETH 16.52%', 'parse_mode': 'markdown'}" and files "None"
2024-06-06 18:45:04 | DEB | Response for sendMessage: [200] "'{"ok":true,"result":{"message_id":2516,"from":{"id":6992604156,"is_bot":true,"first_name":"ETH Gas Monitoring Bot","username":"tokito_gasbot"},"chat":{"id":5205226194,"first_name":"\\u0415\\u0433\\u043e\\u0440","username":"bahmutovv","type":"private"},"date":1717688705,"text":"\\ud83d\\udfe9 ETH: 19.16 GWEI\\n\\nBTC: $71509.5\\nETH: $3847.9\\nBNB: $707.2\\nSOL: $173.5\\nTON: $7.35\\n\\n\\u041a\\u0430\\u043f\\u0438\\u0442\\u0430\\u043b\\u0438\\u0437\\u0430\\u0446\\u0438\\u044f: 2.795 \\u0442\\u0440\\u043b\\u043d $\\n\\u041e\\u0431\\u044a\\u0435\\u043c \\u0437\\u0430 24 \\u0447: 78.655 \\u043c\\u043b\\u0440\\u0434 $\\n\\u0414\\u043e\\u043c\\u0438\\u043d\\u0438\\u0440\\u043e\\u0432\\u0430\\u043d\\u0438\\u0435: BTC 50.41% ETH 16.52%","entities":[{"offset":0,"length":18,"type":"bold"},{"offset":20,"length":4,"type":"bold"},{"offset":34,"length":4,"type":"bold"},{"offset":47,"length":4,"type":"bold"},{"offset":59,"length":4,"type":"bold"},{"offset":71,"length":4,"type":"bold"},{"offset":83,"length":14,"type":"bold"},{"offset":111,"length":14,"type":"bold"},{"offset":140,"length":14,"type":"bold"}]}}'"
2024-06-06 18:45:04 | DEB | Response for sendMessage: [200] "'{"ok":true,"result":{"message_id":2517,"from":{"id":6992604156,"is_bot":true,"first_name":"ETH Gas Monitoring Bot","username":"tokito_gasbot"},"chat":{"id":868320310,"first_name":"Egor","last_name":"Bakhmutov","username":"wndrflp","type":"private"},"date":1717688705,"text":"\\ud83d\\udfe9 ETH: 19.16 GWEI\\n\\nBTC: $71509.5\\nETH: $3847.9\\nBNB: $707.2\\nSOL: $173.5\\nTON: $7.35\\n\\nMarket Cap: 2.795 trln $\\nVolume for 24 h: 78.655 mlrd $\\nDominance: BTC 50.41% ETH 16.52%","entities":[{"offset":0,"length":18,"type":"bold"},{"offset":20,"length":4,"type":"bold"},{"offset":34,"length":4,"type":"bold"},{"offset":47,"length":4,"type":"bold"},{"offset":59,"length":4,"type":"bold"},{"offset":71,"length":4,"type":"bold"},{"offset":83,"length":11,"type":"bold"},{"offset":108,"length":16,"type":"bold"},{"offset":139,"length":10,"type":"bold"}]}}'"
2024-06-06 18:45:04 | DEB | Response for sendMessage: [200] "'{"ok":true,"result":{"message_id":2518,"from":{"id":6992604156,"is_bot":true,"first_name":"ETH Gas Monitoring Bot","username":"tokito_gasbot"},"chat":{"id":1647300494,"first_name":"Tokito","last_name":"Crypto","username":"tokito_crypto","type":"private"},"date":1717688705,"text":"\\ud83d\\udfe9 ETH: 19.16 GWEI\\n\\nBTC: $71509.5\\nETH: $3847.9\\nBNB: $707.2\\nSOL: $173.5\\nTON: $7.35\\n\\n\\u041a\\u0430\\u043f\\u0438\\u0442\\u0430\\u043b\\u0438\\u0437\\u0430\\u0446\\u0438\\u044f: 2.795 \\u0442\\u0440\\u043b\\u043d $\\n\\u041e\\u0431\\u044a\\u0435\\u043c \\u0437\\u0430 24 \\u0447: 78.655 \\u043c\\u043b\\u0440\\u0434 $\\n\\u0414\\u043e\\u043c\\u0438\\u043d\\u0438\\u0440\\u043e\\u0432\\u0430\\u043d\\u0438\\u0435: BTC 50.41% ETH 16.52%","entities":[{"offset":0,"length":18,"type":"bold"},{"offset":20,"length":4,"type":"bold"},{"offset":34,"length":4,"type":"bold"},{"offset":47,"length":4,"type":"bold"},{"offset":59,"length":4,"type":"bold"},{"offset":71,"length":4,"type":"bold"},{"offset":83,"length":14,"type":"bold"},{"offset":111,"length":14,"type":"bold"},{"offset":140,"length":14,"type":"bold"}]}}'"
2024-06-06 18:45:31 | DEB | Starting new HTTPS connection (1): api.coingecko.com:443
2024-06-06 18:45:31 | DEB | https://api.coingecko.com:443 "GET /api/v3/global HTTP/1.1" 200 None
2024-06-06 18:45:31 | DEB | Making request. Method: eth_gasPrice
2024-06-06 18:45:31 | DEB | Making request HTTP. URI: https://rpc.ankr.com/eth, Method: eth_gasPrice
2024-06-06 18:45:31 | DEB | https://rpc.ankr.com:443 "POST /eth HTTP/1.1" 200 47
2024-06-06 18:45:31 | DEB | Getting response HTTP. URI: https://rpc.ankr.com/eth, Method: eth_gasPrice, Response: {'jsonrpc': '2.0', 'id': 0, 'result': '0x4d1c8b659'}
2024-06-06 18:45:31 | DEB | Starting new HTTPS connection (1): api.bybit.com:443
2024-06-06 18:45:32 | DEB | https://api.bybit.com:443 "GET /v2/public/tickers?symbol=BTCUSDT HTTP/1.1" 200 756
2024-06-06 18:45:32 | DEB | Starting new HTTPS connection (1): api.bybit.com:443
2024-06-06 18:45:32 | DEB | https://api.bybit.com:443 "GET /v2/public/tickers?symbol=ETHUSDT HTTP/1.1" 200 746
2024-06-06 18:45:32 | DEB | Starting new HTTPS connection (1): api.bybit.com:443
2024-06-06 18:45:33 | DEB | https://api.bybit.com:443 "GET /v2/public/tickers?symbol=BNBUSDT HTTP/1.1" 200 736
2024-06-06 18:45:33 | DEB | Starting new HTTPS connection (1): api.bybit.com:443
2024-06-06 18:45:34 | DEB | https://api.bybit.com:443 "GET /v2/public/tickers?symbol=SOLUSDT HTTP/1.1" 200 756
2024-06-06 18:45:34 | DEB | Starting new HTTPS connection (1): api.bybit.com:443
2024-06-06 18:45:34 | DEB | https://api.bybit.com:443 "GET /v2/public/tickers?symbol=TONUSDT HTTP/1.1" 200 749
2024-06-06 18:45:34 | DEB | Make request: "getChatMember" with data: "{'chat_id': '@testik_for', 'user_id': '868320310'}" and files "None"
2024-06-06 18:45:34 | DEB | Response for getChatMember: [200] "'{"ok":true,"result":{"user":{"id":868320310,"is_bot":false,"first_name":"Egor","last_name":"Bakhmutov","username":"wndrflp","language_code":"ru","is_premium":true},"status":"creator","is_anonymous":false}}'"
2024-06-06 18:45:34 | DEB | Make request: "getChatMember" with data: "{'chat_id': '@testik_for', 'user_id': '5205226194'}" and files "None"
2024-06-06 18:45:34 | DEB | Make request: "sendMessage" with data: "{'chat_id': '868320310', 'text': '*\U0001f7e7 ETH: 20.7 GWEI*\n\n*BTC:* $71509.5\n*ETH:* $3847.4\n*BNB:* $707.4\n*SOL:* $173.5\n*TON:* $7.35\n\n*Market Cap:* 2.795 trln $\n*Volume for 24 h:* 78.655 mlrd $\n*Dominance:* BTC 50.41% ETH 16.52%', 'parse_mode': 'markdown'}" and files "None"
2024-06-06 18:45:34 | DEB | Response for getChatMember: [200] "'{"ok":true,"result":{"user":{"id":5205226194,"is_bot":false,"first_name":"\\u0415\\u0433\\u043e\\u0440","username":"bahmutovv","language_code":"ru"},"status":"member"}}'"
2024-06-06 18:45:34 | DEB | Make request: "sendMessage" with data: "{'chat_id': '5205226194', 'text': '*\U0001f7e7 ETH: 20.7 GWEI*\n\n*BTC:* $71509.5\n*ETH:* $3847.4\n*BNB:* $707.4\n*SOL:* $173.5\n*TON:* $7.35\n\n*Капитализация:* 2.795 трлн $\n*Объем за 24 ч:* 78.655 млрд $\n*Доминирование:* BTC 50.41% ETH 16.52%', 'parse_mode': 'markdown'}" and files "None"
2024-06-06 18:45:34 | DEB | Response for sendMessage: [200] "'{"ok":true,"result":{"message_id":2519,"from":{"id":6992604156,"is_bot":true,"first_name":"ETH Gas Monitoring Bot","username":"tokito_gasbot"},"chat":{"id":5205226194,"first_name":"\\u0415\\u0433\\u043e\\u0440","username":"bahmutovv","type":"private"},"date":1717688735,"text":"\\ud83d\\udfe7 ETH: 20.7 GWEI\\n\\nBTC: $71509.5\\nETH: $3847.4\\nBNB: $707.4\\nSOL: $173.5\\nTON: $7.35\\n\\n\\u041a\\u0430\\u043f\\u0438\\u0442\\u0430\\u043b\\u0438\\u0437\\u0430\\u0446\\u0438\\u044f: 2.795 \\u0442\\u0440\\u043b\\u043d $\\n\\u041e\\u0431\\u044a\\u0435\\u043c \\u0437\\u0430 24 \\u0447: 78.655 \\u043c\\u043b\\u0440\\u0434 $\\n\\u0414\\u043e\\u043c\\u0438\\u043d\\u0438\\u0440\\u043e\\u0432\\u0430\\u043d\\u0438\\u0435: BTC 50.41% ETH 16.52%","entities":[{"offset":0,"length":17,"type":"bold"},{"offset":19,"length":4,"type":"bold"},{"offset":33,"length":4,"type":"bold"},{"offset":46,"length":4,"type":"bold"},{"offset":58,"length":4,"type":"bold"},{"offset":70,"length":4,"type":"bold"},{"offset":82,"length":14,"type":"bold"},{"offset":110,"length":14,"type":"bold"},{"offset":139,"length":14,"type":"bold"}]}}'"
2024-06-06 18:45:34 | DEB | Response for sendMessage: [200] "'{"ok":true,"result":{"message_id":2520,"from":{"id":6992604156,"is_bot":true,"first_name":"ETH Gas Monitoring Bot","username":"tokito_gasbot"},"chat":{"id":868320310,"first_name":"Egor","last_name":"Bakhmutov","username":"wndrflp","type":"private"},"date":1717688735,"text":"\\ud83d\\udfe7 ETH: 20.7 GWEI\\n\\nBTC: $71509.5\\nETH: $3847.4\\nBNB: $707.4\\nSOL: $173.5\\nTON: $7.35\\n\\nMarket Cap: 2.795 trln $\\nVolume for 24 h: 78.655 mlrd $\\nDominance: BTC 50.41% ETH 16.52%","entities":[{"offset":0,"length":17,"type":"bold"},{"offset":19,"length":4,"type":"bold"},{"offset":33,"length":4,"type":"bold"},{"offset":46,"length":4,"type":"bold"},{"offset":58,"length":4,"type":"bold"},{"offset":70,"length":4,"type":"bold"},{"offset":82,"length":11,"type":"bold"},{"offset":107,"length":16,"type":"bold"},{"offset":138,"length":10,"type":"bold"}]}}'"
2024-06-06 18:46:01 | DEB | Starting new HTTPS connection (1): api.coingecko.com:443
2024-06-06 18:46:01 | DEB | https://api.coingecko.com:443 "GET /api/v3/global HTTP/1.1" 200 None
2024-06-06 18:46:01 | DEB | Making request. Method: eth_gasPrice
2024-06-06 18:46:01 | DEB | Making request HTTP. URI: https://rpc.ankr.com/eth, Method: eth_gasPrice
2024-06-06 18:46:01 | DEB | https://rpc.ankr.com:443 "POST /eth HTTP/1.1" 200 47
2024-06-06 18:46:01 | DEB | Getting response HTTP. URI: https://rpc.ankr.com/eth, Method: eth_gasPrice, Response: {'jsonrpc': '2.0', 'id': 0, 'result': '0x4d1c8b659'}
2024-06-06 18:46:01 | DEB | Starting new HTTPS connection (1): api.bybit.com:443
2024-06-06 18:46:02 | DEB | https://api.bybit.com:443 "GET /v2/public/tickers?symbol=BTCUSDT HTTP/1.1" 200 750
2024-06-06 18:46:02 | DEB | Starting new HTTPS connection (1): api.bybit.com:443
2024-06-06 18:46:02 | DEB | https://api.bybit.com:443 "GET /v2/public/tickers?symbol=ETHUSDT HTTP/1.1" 200 745
2024-06-06 18:46:02 | DEB | Starting new HTTPS connection (1): api.bybit.com:443
2024-06-06 18:46:02 | DEB | https://api.bybit.com:443 "GET /v2/public/tickers?symbol=BNBUSDT HTTP/1.1" 200 731
2024-06-06 18:46:02 | DEB | Starting new HTTPS connection (1): api.bybit.com:443
2024-06-06 18:46:03 | DEB | https://api.bybit.com:443 "GET /v2/public/tickers?symbol=SOLUSDT HTTP/1.1" 200 758
2024-06-06 18:46:03 | DEB | Starting new HTTPS connection (1): api.bybit.com:443
2024-06-06 18:46:04 | DEB | https://api.bybit.com:443 "GET /v2/public/tickers?symbol=TONUSDT HTTP/1.1" 200 749
2024-06-06 18:46:04 | DEB | Make request: "getChatMember" with data: "{'chat_id': '@testik_for', 'user_id': '868320310'}" and files "None"
2024-06-06 18:46:04 | DEB | Response for getChatMember: [200] "'{"ok":true,"result":{"user":{"id":868320310,"is_bot":false,"first_name":"Egor","last_name":"Bakhmutov","username":"wndrflp","language_code":"ru","is_premium":true},"status":"creator","is_anonymous":false}}'"
2024-06-06 18:46:04 | DEB | Make request: "getChatMember" with data: "{'chat_id': '@testik_for', 'user_id': '5205226194'}" and files "None"
2024-06-06 18:46:04 | DEB | Make request: "sendMessage" with data: "{'chat_id': '868320310', 'text': '*\U0001f7e7 ETH: 20.7 GWEI*\n\n*BTC:* $71473.0\n*ETH:* $3846.4\n*BNB:* $707.6\n*SOL:* $173.5\n*TON:* $7.35\n\n*Market Cap:* 2.795 trln $\n*Volume for 24 h:* 78.655 mlrd $\n*Dominance:* BTC 50.41% ETH 16.52%', 'parse_mode': 'markdown'}" and files "None"
2024-06-06 18:46:04 | DEB | Response for getChatMember: [200] "'{"ok":true,"result":{"user":{"id":5205226194,"is_bot":false,"first_name":"\\u0415\\u0433\\u043e\\u0440","username":"bahmutovv","language_code":"ru"},"status":"member"}}'"
2024-06-06 18:46:04 | DEB | Make request: "sendMessage" with data: "{'chat_id': '5205226194', 'text': '*\U0001f7e7 ETH: 20.7 GWEI*\n\n*BTC:* $71473.0\n*ETH:* $3846.4\n*BNB:* $707.6\n*SOL:* $173.5\n*TON:* $7.35\n\n*Капитализация:* 2.795 трлн $\n*Объем за 24 ч:* 78.655 млрд $\n*Доминирование:* BTC 50.41% ETH 16.52%', 'parse_mode': 'markdown'}" and files "None"
2024-06-06 18:46:04 | DEB | Response for sendMessage: [200] "'{"ok":true,"result":{"message_id":2521,"from":{"id":6992604156,"is_bot":true,"first_name":"ETH Gas Monitoring Bot","username":"tokito_gasbot"},"chat":{"id":5205226194,"first_name":"\\u0415\\u0433\\u043e\\u0440","username":"bahmutovv","type":"private"},"date":1717688765,"text":"\\ud83d\\udfe7 ETH: 20.7 GWEI\\n\\nBTC: $71473.0\\nETH: $3846.4\\nBNB: $707.6\\nSOL: $173.5\\nTON: $7.35\\n\\n\\u041a\\u0430\\u043f\\u0438\\u0442\\u0430\\u043b\\u0438\\u0437\\u0430\\u0446\\u0438\\u044f: 2.795 \\u0442\\u0440\\u043b\\u043d $\\n\\u041e\\u0431\\u044a\\u0435\\u043c \\u0437\\u0430 24 \\u0447: 78.655 \\u043c\\u043b\\u0440\\u0434 $\\n\\u0414\\u043e\\u043c\\u0438\\u043d\\u0438\\u0440\\u043e\\u0432\\u0430\\u043d\\u0438\\u0435: BTC 50.41% ETH 16.52%","entities":[{"offset":0,"length":17,"type":"bold"},{"offset":19,"length":4,"type":"bold"},{"offset":33,"length":4,"type":"bold"},{"offset":46,"length":4,"type":"bold"},{"offset":58,"length":4,"type":"bold"},{"offset":70,"length":4,"type":"bold"},{"offset":82,"length":14,"type":"bold"},{"offset":110,"length":14,"type":"bold"},{"offset":139,"length":14,"type":"bold"}]}}'"
2024-06-06 18:46:04 | DEB | Response for sendMessage: [200] "'{"ok":true,"result":{"message_id":2522,"from":{"id":6992604156,"is_bot":true,"first_name":"ETH Gas Monitoring Bot","username":"tokito_gasbot"},"chat":{"id":868320310,"first_name":"Egor","last_name":"Bakhmutov","username":"wndrflp","type":"private"},"date":1717688765,"text":"\\ud83d\\udfe7 ETH: 20.7 GWEI\\n\\nBTC: $71473.0\\nETH: $3846.4\\nBNB: $707.6\\nSOL: $173.5\\nTON: $7.35\\n\\nMarket Cap: 2.795 trln $\\nVolume for 24 h: 78.655 mlrd $\\nDominance: BTC 50.41% ETH 16.52%","entities":[{"offset":0,"length":17,"type":"bold"},{"offset":19,"length":4,"type":"bold"},{"offset":33,"length":4,"type":"bold"},{"offset":46,"length":4,"type":"bold"},{"offset":58,"length":4,"type":"bold"},{"offset":70,"length":4,"type":"bold"},{"offset":82,"length":11,"type":"bold"},{"offset":107,"length":16,"type":"bold"},{"offset":138,"length":10,"type":"bold"}]}}'"
2024-06-06 18:46:31 | DEB | Starting new HTTPS connection (1): api.coingecko.com:443
2024-06-06 18:46:31 | DEB | https://api.coingecko.com:443 "GET /api/v3/global HTTP/1.1" 200 None
2024-06-06 18:46:31 | DEB | Making request. Method: eth_gasPrice
2024-06-06 18:46:31 | DEB | Making request HTTP. URI: https://rpc.ankr.com/eth, Method: eth_gasPrice
2024-06-06 18:46:31 | DEB | https://rpc.ankr.com:443 "POST /eth HTTP/1.1" 200 47
2024-06-06 18:46:31 | DEB | Getting response HTTP. URI: https://rpc.ankr.com/eth, Method: eth_gasPrice, Response: {'jsonrpc': '2.0', 'id': 0, 'result': '0x508eb9038'}
2024-06-06 18:46:31 | DEB | Starting new HTTPS connection (1): api.bybit.com:443
2024-06-06 18:46:32 | DEB | https://api.bybit.com:443 "GET /v2/public/tickers?symbol=BTCUSDT HTTP/1.1" 200 756
2024-06-06 18:46:32 | DEB | Starting new HTTPS connection (1): api.bybit.com:443
2024-06-06 18:46:32 | DEB | https://api.bybit.com:443 "GET /v2/public/tickers?symbol=ETHUSDT HTTP/1.1" 200 744
2024-06-06 18:46:32 | DEB | Starting new HTTPS connection (1): api.bybit.com:443
2024-06-06 18:46:33 | DEB | https://api.bybit.com:443 "GET /v2/public/tickers?symbol=BNBUSDT HTTP/1.1" 200 735
2024-06-06 18:46:33 | DEB | Starting new HTTPS connection (1): api.bybit.com:443
2024-06-06 18:46:33 | DEB | https://api.bybit.com:443 "GET /v2/public/tickers?symbol=SOLUSDT HTTP/1.1" 200 758
2024-06-06 18:46:33 | DEB | Starting new HTTPS connection (1): api.bybit.com:443
2024-06-06 18:46:33 | DEB | https://api.bybit.com:443 "GET /v2/public/tickers?symbol=TONUSDT HTTP/1.1" 200 749
2024-06-06 18:46:33 | DEB | Make request: "getChatMember" with data: "{'chat_id': '@testik_for', 'user_id': '868320310'}" and files "None"
2024-06-06 18:46:33 | DEB | Response for getChatMember: [200] "'{"ok":true,"result":{"user":{"id":868320310,"is_bot":false,"first_name":"Egor","last_name":"Bakhmutov","username":"wndrflp","language_code":"ru","is_premium":true},"status":"creator","is_anonymous":false}}'"
2024-06-06 18:46:33 | DEB | Make request: "getChatMember" with data: "{'chat_id': '@testik_for', 'user_id': '5205226194'}" and files "None"
2024-06-06 18:46:33 | DEB | Make request: "sendMessage" with data: "{'chat_id': '868320310', 'text': '*\U0001f7e7 ETH: 21.62 GWEI*\n\n*BTC:* $71417.6\n*ETH:* $3843.9\n*BNB:* $707.5\n*SOL:* $173.4\n*TON:* $7.35\n\n*Market Cap:* 2.795 trln $\n*Volume for 24 h:* 78.655 mlrd $\n*Dominance:* BTC 50.41% ETH 16.52%', 'parse_mode': 'markdown'}" and files "None"
2024-06-06 18:46:34 | DEB | Response for getChatMember: [200] "'{"ok":true,"result":{"user":{"id":5205226194,"is_bot":false,"first_name":"\\u0415\\u0433\\u043e\\u0440","username":"bahmutovv","language_code":"ru"},"status":"member"}}'"
2024-06-06 18:46:34 | DEB | Make request: "sendMessage" with data: "{'chat_id': '5205226194', 'text': '*\U0001f7e7 ETH: 21.62 GWEI*\n\n*BTC:* $71417.6\n*ETH:* $3843.9\n*BNB:* $707.5\n*SOL:* $173.4\n*TON:* $7.35\n\n*Капитализация:* 2.795 трлн $\n*Объем за 24 ч:* 78.655 млрд $\n*Доминирование:* BTC 50.41% ETH 16.52%', 'parse_mode': 'markdown'}" and files "None"
2024-06-06 18:46:34 | DEB | Response for sendMessage: [200] "'{"ok":true,"result":{"message_id":2523,"from":{"id":6992604156,"is_bot":true,"first_name":"ETH Gas Monitoring Bot","username":"tokito_gasbot"},"chat":{"id":868320310,"first_name":"Egor","last_name":"Bakhmutov","username":"wndrflp","type":"private"},"date":1717688795,"text":"\\ud83d\\udfe7 ETH: 21.62 GWEI\\n\\nBTC: $71417.6\\nETH: $3843.9\\nBNB: $707.5\\nSOL: $173.4\\nTON: $7.35\\n\\nMarket Cap: 2.795 trln $\\nVolume for 24 h: 78.655 mlrd $\\nDominance: BTC 50.41% ETH 16.52%","entities":[{"offset":0,"length":18,"type":"bold"},{"offset":20,"length":4,"type":"bold"},{"offset":34,"length":4,"type":"bold"},{"offset":47,"length":4,"type":"bold"},{"offset":59,"length":4,"type":"bold"},{"offset":71,"length":4,"type":"bold"},{"offset":83,"length":11,"type":"bold"},{"offset":108,"length":16,"type":"bold"},{"offset":139,"length":10,"type":"bold"}]}}'"
2024-06-06 18:46:34 | DEB | Response for sendMessage: [200] "'{"ok":true,"result":{"message_id":2524,"from":{"id":6992604156,"is_bot":true,"first_name":"ETH Gas Monitoring Bot","username":"tokito_gasbot"},"chat":{"id":5205226194,"first_name":"\\u0415\\u0433\\u043e\\u0440","username":"bahmutovv","type":"private"},"date":1717688795,"text":"\\ud83d\\udfe7 ETH: 21.62 GWEI\\n\\nBTC: $71417.6\\nETH: $3843.9\\nBNB: $707.5\\nSOL: $173.4\\nTON: $7.35\\n\\n\\u041a\\u0430\\u043f\\u0438\\u0442\\u0430\\u043b\\u0438\\u0437\\u0430\\u0446\\u0438\\u044f: 2.795 \\u0442\\u0440\\u043b\\u043d $\\n\\u041e\\u0431\\u044a\\u0435\\u043c \\u0437\\u0430 24 \\u0447: 78.655 \\u043c\\u043b\\u0440\\u0434 $\\n\\u0414\\u043e\\u043c\\u0438\\u043d\\u0438\\u0440\\u043e\\u0432\\u0430\\u043d\\u0438\\u0435: BTC 50.41% ETH 16.52%","entities":[{"offset":0,"length":18,"type":"bold"},{"offset":20,"length":4,"type":"bold"},{"offset":34,"length":4,"type":"bold"},{"offset":47,"length":4,"type":"bold"},{"offset":59,"length":4,"type":"bold"},{"offset":71,"length":4,"type":"bold"},{"offset":83,"length":14,"type":"bold"},{"offset":111,"length":14,"type":"bold"},{"offset":140,"length":14,"type":"bold"}]}}'"
2024-06-06 18:47:01 | DEB | Starting new HTTPS connection (1): api.coingecko.com:443
2024-06-06 18:47:01 | DEB | https://api.coingecko.com:443 "GET /api/v3/global HTTP/1.1" 200 None
2024-06-06 18:47:01 | DEB | Making request. Method: eth_gasPrice
2024-06-06 18:47:01 | DEB | Making request HTTP. URI: https://rpc.ankr.com/eth, Method: eth_gasPrice
2024-06-06 18:47:01 | DEB | https://rpc.ankr.com:443 "POST /eth HTTP/1.1" 200 47
2024-06-06 18:47:01 | DEB | Getting response HTTP. URI: https://rpc.ankr.com/eth, Method: eth_gasPrice, Response: {'jsonrpc': '2.0', 'id': 0, 'result': '0x508eb9038'}
2024-06-06 18:47:01 | DEB | Starting new HTTPS connection (1): api.bybit.com:443
2024-06-06 18:47:02 | DEB | https://api.bybit.com:443 "GET /v2/public/tickers?symbol=BTCUSDT HTTP/1.1" 200 755
2024-06-06 18:47:02 | DEB | Starting new HTTPS connection (1): api.bybit.com:443
2024-06-06 18:47:02 | DEB | https://api.bybit.com:443 "GET /v2/public/tickers?symbol=ETHUSDT HTTP/1.1" 200 744
2024-06-06 18:47:02 | DEB | Starting new HTTPS connection (1): api.bybit.com:443
2024-06-06 18:47:03 | DEB | https://api.bybit.com:443 "GET /v2/public/tickers?symbol=BNBUSDT HTTP/1.1" 200 730
2024-06-06 18:47:03 | DEB | Starting new HTTPS connection (1): api.bybit.com:443
2024-06-06 18:47:03 | DEB | https://api.bybit.com:443 "GET /v2/public/tickers?symbol=SOLUSDT HTTP/1.1" 200 758
2024-06-06 18:47:03 | DEB | Starting new HTTPS connection (1): api.bybit.com:443
2024-06-06 18:47:04 | DEB | https://api.bybit.com:443 "GET /v2/public/tickers?symbol=TONUSDT HTTP/1.1" 200 748
2024-06-06 18:47:04 | DEB | Make request: "getChatMember" with data: "{'chat_id': '@testik_for', 'user_id': '868320310'}" and files "None"
2024-06-06 18:47:04 | DEB | Response for getChatMember: [200] "'{"ok":true,"result":{"user":{"id":868320310,"is_bot":false,"first_name":"Egor","last_name":"Bakhmutov","username":"wndrflp","language_code":"ru","is_premium":true},"status":"creator","is_anonymous":false}}'"
2024-06-06 18:47:04 | DEB | Make request: "getChatMember" with data: "{'chat_id': '@testik_for', 'user_id': '5205226194'}" and files "None"
2024-06-06 18:47:04 | DEB | Make request: "sendMessage" with data: "{'chat_id': '868320310', 'text': '*\U0001f7e7 ETH: 21.62 GWEI*\n\n*BTC:* $71431.4\n*ETH:* $3844.2\n*BNB:* $707.2\n*SOL:* $173.4\n*TON:* $7.36\n\n*Market Cap:* 2.795 trln $\n*Volume for 24 h:* 78.655 mlrd $\n*Dominance:* BTC 50.41% ETH 16.52%', 'parse_mode': 'markdown'}" and files "None"
2024-06-06 18:47:04 | DEB | Response for getChatMember: [200] "'{"ok":true,"result":{"user":{"id":5205226194,"is_bot":false,"first_name":"\\u0415\\u0433\\u043e\\u0440","username":"bahmutovv","language_code":"ru"},"status":"member"}}'"
2024-06-06 18:47:04 | DEB | Make request: "sendMessage" with data: "{'chat_id': '5205226194', 'text': '*\U0001f7e7 ETH: 21.62 GWEI*\n\n*BTC:* $71431.4\n*ETH:* $3844.2\n*BNB:* $707.2\n*SOL:* $173.4\n*TON:* $7.36\n\n*Капитализация:* 2.795 трлн $\n*Объем за 24 ч:* 78.655 млрд $\n*Доминирование:* BTC 50.41% ETH 16.52%', 'parse_mode': 'markdown'}" and files "None"
2024-06-06 18:47:04 | DEB | Response for sendMessage: [200] "'{"ok":true,"result":{"message_id":2525,"from":{"id":6992604156,"is_bot":true,"first_name":"ETH Gas Monitoring Bot","username":"tokito_gasbot"},"chat":{"id":5205226194,"first_name":"\\u0415\\u0433\\u043e\\u0440","username":"bahmutovv","type":"private"},"date":1717688825,"text":"\\ud83d\\udfe7 ETH: 21.62 GWEI\\n\\nBTC: $71431.4\\nETH: $3844.2\\nBNB: $707.2\\nSOL: $173.4\\nTON: $7.36\\n\\n\\u041a\\u0430\\u043f\\u0438\\u0442\\u0430\\u043b\\u0438\\u0437\\u0430\\u0446\\u0438\\u044f: 2.795 \\u0442\\u0440\\u043b\\u043d $\\n\\u041e\\u0431\\u044a\\u0435\\u043c \\u0437\\u0430 24 \\u0447: 78.655 \\u043c\\u043b\\u0440\\u0434 $\\n\\u0414\\u043e\\u043c\\u0438\\u043d\\u0438\\u0440\\u043e\\u0432\\u0430\\u043d\\u0438\\u0435: BTC 50.41% ETH 16.52%","entities":[{"offset":0,"length":18,"type":"bold"},{"offset":20,"length":4,"type":"bold"},{"offset":34,"length":4,"type":"bold"},{"offset":47,"length":4,"type":"bold"},{"offset":59,"length":4,"type":"bold"},{"offset":71,"length":4,"type":"bold"},{"offset":83,"length":14,"type":"bold"},{"offset":111,"length":14,"type":"bold"},{"offset":140,"length":14,"type":"bold"}]}}'"
2024-06-06 18:47:04 | DEB | Response for sendMessage: [200] "'{"ok":true,"result":{"message_id":2526,"from":{"id":6992604156,"is_bot":true,"first_name":"ETH Gas Monitoring Bot","username":"tokito_gasbot"},"chat":{"id":868320310,"first_name":"Egor","last_name":"Bakhmutov","username":"wndrflp","type":"private"},"date":1717688825,"text":"\\ud83d\\udfe7 ETH: 21.62 GWEI\\n\\nBTC: $71431.4\\nETH: $3844.2\\nBNB: $707.2\\nSOL: $173.4\\nTON: $7.36\\n\\nMarket Cap: 2.795 trln $\\nVolume for 24 h: 78.655 mlrd $\\nDominance: BTC 50.41% ETH 16.52%","entities":[{"offset":0,"length":18,"type":"bold"},{"offset":20,"length":4,"type":"bold"},{"offset":34,"length":4,"type":"bold"},{"offset":47,"length":4,"type":"bold"},{"offset":59,"length":4,"type":"bold"},{"offset":71,"length":4,"type":"bold"},{"offset":83,"length":11,"type":"bold"},{"offset":108,"length":16,"type":"bold"},{"offset":139,"length":10,"type":"bold"}]}}'"
2024-06-06 18:47:31 | DEB | Starting new HTTPS connection (1): api.coingecko.com:443
2024-06-06 18:47:31 | DEB | https://api.coingecko.com:443 "GET /api/v3/global HTTP/1.1" 200 None
2024-06-06 18:47:31 | DEB | Making request. Method: eth_gasPrice
2024-06-06 18:47:31 | DEB | Making request HTTP. URI: https://rpc.ankr.com/eth, Method: eth_gasPrice
2024-06-06 18:47:32 | DEB | https://rpc.ankr.com:443 "POST /eth HTTP/1.1" 200 47
2024-06-06 18:47:32 | DEB | Getting response HTTP. URI: https://rpc.ankr.com/eth, Method: eth_gasPrice, Response: {'jsonrpc': '2.0', 'id': 0, 'result': '0x4cd08ff96'}
2024-06-06 18:47:32 | DEB | Starting new HTTPS connection (1): api.bybit.com:443
2024-06-06 18:47:32 | DEB | https://api.bybit.com:443 "GET /v2/public/tickers?symbol=BTCUSDT HTTP/1.1" 200 756
2024-06-06 18:47:32 | DEB | Starting new HTTPS connection (1): api.bybit.com:443
2024-06-06 18:47:33 | DEB | https://api.bybit.com:443 "GET /v2/public/tickers?symbol=ETHUSDT HTTP/1.1" 200 744
2024-06-06 18:47:33 | DEB | Starting new HTTPS connection (1): api.bybit.com:443
2024-06-06 18:47:33 | DEB | https://api.bybit.com:443 "GET /v2/public/tickers?symbol=BNBUSDT HTTP/1.1" 200 735
2024-06-06 18:47:33 | DEB | Starting new HTTPS connection (1): api.bybit.com:443
2024-06-06 18:47:34 | DEB | https://api.bybit.com:443 "GET /v2/public/tickers?symbol=SOLUSDT HTTP/1.1" 200 758
2024-06-06 18:47:34 | DEB | Starting new HTTPS connection (1): api.bybit.com:443
2024-06-06 18:47:34 | DEB | https://api.bybit.com:443 "GET /v2/public/tickers?symbol=TONUSDT HTTP/1.1" 200 750
2024-06-06 18:47:34 | DEB | Make request: "getChatMember" with data: "{'chat_id': '@testik_for', 'user_id': '868320310'}" and files "None"
2024-06-06 18:47:34 | DEB | Response for getChatMember: [200] "'{"ok":true,"result":{"user":{"id":868320310,"is_bot":false,"first_name":"Egor","last_name":"Bakhmutov","username":"wndrflp","language_code":"ru","is_premium":true},"status":"creator","is_anonymous":false}}'"
2024-06-06 18:47:34 | DEB | Make request: "getChatMember" with data: "{'chat_id': '@testik_for', 'user_id': '5205226194'}" and files "None"
2024-06-06 18:47:34 | DEB | Make request: "sendMessage" with data: "{'chat_id': '868320310', 'text': '*\U0001f7e7 ETH: 20.62 GWEI*\n\n*BTC:* $71434.9\n*ETH:* $3844.2\n*BNB:* $707.0\n*SOL:* $173.4\n*TON:* $7.36\n\n*Market Cap:* 2.795 trln $\n*Volume for 24 h:* 78.655 mlrd $\n*Dominance:* BTC 50.41% ETH 16.52%', 'parse_mode': 'markdown'}" and files "None"
2024-06-06 18:47:34 | DEB | Response for getChatMember: [200] "'{"ok":true,"result":{"user":{"id":5205226194,"is_bot":false,"first_name":"\\u0415\\u0433\\u043e\\u0440","username":"bahmutovv","language_code":"ru"},"status":"member"}}'"
2024-06-06 18:47:34 | DEB | Make request: "sendMessage" with data: "{'chat_id': '5205226194', 'text': '*\U0001f7e7 ETH: 20.62 GWEI*\n\n*BTC:* $71434.9\n*ETH:* $3844.2\n*BNB:* $707.0\n*SOL:* $173.4\n*TON:* $7.36\n\n*Капитализация:* 2.795 трлн $\n*Объем за 24 ч:* 78.655 млрд $\n*Доминирование:* BTC 50.41% ETH 16.52%', 'parse_mode': 'markdown'}" and files "None"
2024-06-06 18:47:34 | DEB | Response for sendMessage: [200] "'{"ok":true,"result":{"message_id":2527,"from":{"id":6992604156,"is_bot":true,"first_name":"ETH Gas Monitoring Bot","username":"tokito_gasbot"},"chat":{"id":5205226194,"first_name":"\\u0415\\u0433\\u043e\\u0440","username":"bahmutovv","type":"private"},"date":1717688855,"text":"\\ud83d\\udfe7 ETH: 20.62 GWEI\\n\\nBTC: $71434.9\\nETH: $3844.2\\nBNB: $707.0\\nSOL: $173.4\\nTON: $7.36\\n\\n\\u041a\\u0430\\u043f\\u0438\\u0442\\u0430\\u043b\\u0438\\u0437\\u0430\\u0446\\u0438\\u044f: 2.795 \\u0442\\u0440\\u043b\\u043d $\\n\\u041e\\u0431\\u044a\\u0435\\u043c \\u0437\\u0430 24 \\u0447: 78.655 \\u043c\\u043b\\u0440\\u0434 $\\n\\u0414\\u043e\\u043c\\u0438\\u043d\\u0438\\u0440\\u043e\\u0432\\u0430\\u043d\\u0438\\u0435: BTC 50.41% ETH 16.52%","entities":[{"offset":0,"length":18,"type":"bold"},{"offset":20,"length":4,"type":"bold"},{"offset":34,"length":4,"type":"bold"},{"offset":47,"length":4,"type":"bold"},{"offset":59,"length":4,"type":"bold"},{"offset":71,"length":4,"type":"bold"},{"offset":83,"length":14,"type":"bold"},{"offset":111,"length":14,"type":"bold"},{"offset":140,"length":14,"type":"bold"}]}}'"
2024-06-06 18:47:34 | DEB | Response for sendMessage: [200] "'{"ok":true,"result":{"message_id":2528,"from":{"id":6992604156,"is_bot":true,"first_name":"ETH Gas Monitoring Bot","username":"tokito_gasbot"},"chat":{"id":868320310,"first_name":"Egor","last_name":"Bakhmutov","username":"wndrflp","type":"private"},"date":1717688855,"text":"\\ud83d\\udfe7 ETH: 20.62 GWEI\\n\\nBTC: $71434.9\\nETH: $3844.2\\nBNB: $707.0\\nSOL: $173.4\\nTON: $7.36\\n\\nMarket Cap: 2.795 trln $\\nVolume for 24 h: 78.655 mlrd $\\nDominance: BTC 50.41% ETH 16.52%","entities":[{"offset":0,"length":18,"type":"bold"},{"offset":20,"length":4,"type":"bold"},{"offset":34,"length":4,"type":"bold"},{"offset":47,"length":4,"type":"bold"},{"offset":59,"length":4,"type":"bold"},{"offset":71,"length":4,"type":"bold"},{"offset":83,"length":11,"type":"bold"},{"offset":108,"length":16,"type":"bold"},{"offset":139,"length":10,"type":"bold"}]}}'"
2024-06-06 18:47:52 | ERR | Unclosed client session
client_session: <aiohttp.client.ClientSession object at 0x000002B21B95E410>
